0it [00:00, ?it/s]
1it [00:00,  2.81it/s]
2932it [00:00,  4.01it/s]
5268it [00:00, 9965.66it/s]

0it [00:00, ?it/s]
1it [00:00,  3.45it/s]
1395it [00:00,  4.93it/s]
4941it [00:00,  7.04it/s]
5333it [00:00, 9277.57it/s]

0it [00:00, ?it/s]
762it [00:00, 7605.56it/s]
1545it [00:00, 7670.65it/s]
2311it [00:00, 7660.96it/s]
3145it [00:00, 7852.66it/s]
3947it [00:00, 7900.33it/s]
4721it [00:00, 7849.98it/s]
5499it [00:00, 7827.16it/s]
6335it [00:00, 7978.92it/s]
7099it [00:00, 7873.74it/s]
7891it [00:01, 7882.76it/s]
8738it [00:01, 8044.74it/s]
9559it [00:01, 8091.84it/s]
10359it [00:01, 8052.67it/s]
10601it [00:01, 7961.11it/s]

  0%|          | 0/83 [00:00<?, ?it/s]
accuracy: 0.3285, accuracy3: 0.7148, precision-overall: 0.0367, recall-overall: 0.3516, f1-measure-overall: 0.0664, loss: 2251.2761 ||:   1%|1         | 1/83 [00:10<13:50, 10.13s/it]
accuracy: 0.3354, accuracy3: 0.7270, precision-overall: 0.0359, recall-overall: 0.3175, f1-measure-overall: 0.0645, loss: 2147.4166 ||:   2%|2         | 2/83 [00:22<14:38, 10.84s/it]
Traceback (most recent call last):
  File "/Users/esteban/Desktop/wiser/venv/bin/allennlp", line 11, in <module>
    load_entry_point('allennlp==0.8.4', 'console_scripts', 'allennlp')()
  File "/Users/esteban/Desktop/wiser/venv/lib/python3.7/site-packages/allennlp-0.8.4-py3.7.egg/allennlp/run.py", line 18, in run
    main(prog="allennlp")
  File "/Users/esteban/Desktop/wiser/venv/lib/python3.7/site-packages/allennlp-0.8.4-py3.7.egg/allennlp/commands/__init__.py", line 102, in main
    args.func(args)
  File "/Users/esteban/Desktop/wiser/venv/lib/python3.7/site-packages/allennlp-0.8.4-py3.7.egg/allennlp/commands/train.py", line 116, in train_model_from_args
    args.cache_prefix)
  File "/Users/esteban/Desktop/wiser/venv/lib/python3.7/site-packages/allennlp-0.8.4-py3.7.egg/allennlp/commands/train.py", line 160, in train_model_from_file
    cache_directory, cache_prefix)
  File "/Users/esteban/Desktop/wiser/venv/lib/python3.7/site-packages/allennlp-0.8.4-py3.7.egg/allennlp/commands/train.py", line 243, in train_model
    metrics = trainer.train()
  File "/Users/esteban/Desktop/wiser/venv/lib/python3.7/site-packages/allennlp-0.8.4-py3.7.egg/allennlp/training/trainer.py", line 480, in train
    train_metrics = self._train_epoch(epoch)
  File "/Users/esteban/Desktop/wiser/venv/lib/python3.7/site-packages/allennlp-0.8.4-py3.7.egg/allennlp/training/trainer.py", line 354, in _train_epoch
    self.optimizer.step()
  File "/Users/esteban/Desktop/wiser/venv/lib/python3.7/site-packages/torch/optim/adam.py", line 95, in step
    exp_avg.mul_(beta1).add_(1 - beta1, grad)
KeyboardInterrupt
accuracy: 0.3354, accuracy3: 0.7270, precision-overall: 0.0359, recall-overall: 0.3175, f1-measure-overall: 0.0645, loss: 2147.4166 ||:   2%|2         | 2/83 [00:32<22:02, 16.33s/it]
