2020-01-01 21:24:31,873 - INFO - allennlp.common.params - random_seed = 9185723
2020-01-01 21:24:31,873 - INFO - allennlp.common.params - numpy_seed = 9185723
2020-01-01 21:24:31,873 - INFO - allennlp.common.params - pytorch_seed = 9185723
2020-01-01 21:24:31,874 - INFO - allennlp.common.checks - Pytorch version: 1.3.1
2020-01-01 21:24:31,875 - INFO - allennlp.common.params - evaluate_on_test = False
2020-01-01 21:24:31,875 - INFO - allennlp.common.params - validation_dataset_reader = None
2020-01-01 21:24:31,875 - INFO - allennlp.common.from_params - instantiating class <class 'allennlp.data.dataset_readers.dataset_reader.DatasetReader'> from params {'split_sentences': True, 'token_indexers': {'bert': {'do_lowercase': True, 'pretrained_model': 'data/scibert_scivocab_uncased/vocab.txt', 'truncate_long_sequences': False, 'type': 'bert-pretrained', 'use_starting_offsets': True}, 'token_characters': {'min_padding_length': 3, 'type': 'characters'}}, 'type': 'weak_label'} and extras set()
2020-01-01 21:24:31,876 - INFO - allennlp.common.params - dataset_reader.type = weak_label
2020-01-01 21:24:31,876 - INFO - allennlp.common.from_params - instantiating class <class 'wiser.data.dataset_readers.weak_label.WeakLabelDatasetReader'> from params {'split_sentences': True, 'token_indexers': {'bert': {'do_lowercase': True, 'pretrained_model': 'data/scibert_scivocab_uncased/vocab.txt', 'truncate_long_sequences': False, 'type': 'bert-pretrained', 'use_starting_offsets': True}, 'token_characters': {'min_padding_length': 3, 'type': 'characters'}}} and extras set()
2020-01-01 21:24:31,876 - INFO - allennlp.common.from_params - instantiating class <class 'allennlp.data.token_indexers.token_indexer.TokenIndexer'> from params {'do_lowercase': True, 'pretrained_model': 'data/scibert_scivocab_uncased/vocab.txt', 'truncate_long_sequences': False, 'type': 'bert-pretrained', 'use_starting_offsets': True} and extras set()
2020-01-01 21:24:31,876 - INFO - allennlp.common.params - dataset_reader.token_indexers.bert.type = bert-pretrained
2020-01-01 21:24:31,876 - INFO - allennlp.common.from_params - instantiating class <class 'allennlp.data.token_indexers.wordpiece_indexer.PretrainedBertIndexer'> from params {'do_lowercase': True, 'pretrained_model': 'data/scibert_scivocab_uncased/vocab.txt', 'truncate_long_sequences': False, 'use_starting_offsets': True} and extras set()
2020-01-01 21:24:31,876 - INFO - allennlp.common.params - dataset_reader.token_indexers.bert.pretrained_model = data/scibert_scivocab_uncased/vocab.txt
2020-01-01 21:24:31,877 - INFO - allennlp.common.params - dataset_reader.token_indexers.bert.use_starting_offsets = True
2020-01-01 21:24:31,877 - INFO - allennlp.common.params - dataset_reader.token_indexers.bert.do_lowercase = True
2020-01-01 21:24:31,877 - INFO - allennlp.common.params - dataset_reader.token_indexers.bert.never_lowercase = None
2020-01-01 21:24:31,877 - INFO - allennlp.common.params - dataset_reader.token_indexers.bert.max_pieces = 512
2020-01-01 21:24:31,877 - INFO - allennlp.common.params - dataset_reader.token_indexers.bert.truncate_long_sequences = False
2020-01-01 21:24:31,877 - INFO - pytorch_pretrained_bert.tokenization - loading vocabulary file data/scibert_scivocab_uncased/vocab.txt
2020-01-01 21:24:31,911 - INFO - allennlp.common.from_params - instantiating class <class 'allennlp.data.token_indexers.token_indexer.TokenIndexer'> from params {'min_padding_length': 3, 'type': 'characters'} and extras set()
2020-01-01 21:24:31,911 - INFO - allennlp.common.params - dataset_reader.token_indexers.token_characters.type = characters
2020-01-01 21:24:31,912 - INFO - allennlp.common.from_params - instantiating class <class 'allennlp.data.token_indexers.token_characters_indexer.TokenCharactersIndexer'> from params {'min_padding_length': 3} and extras set()
2020-01-01 21:24:31,912 - INFO - allennlp.common.params - dataset_reader.token_indexers.token_characters.namespace = token_characters
2020-01-01 21:24:31,912 - INFO - allennlp.common.params - dataset_reader.token_indexers.token_characters.start_tokens = None
2020-01-01 21:24:31,912 - INFO - allennlp.common.params - dataset_reader.token_indexers.token_characters.end_tokens = None
2020-01-01 21:24:31,912 - INFO - allennlp.common.params - dataset_reader.token_indexers.token_characters.min_padding_length = 3
2020-01-01 21:24:31,912 - INFO - allennlp.common.params - dataset_reader.token_indexers.token_characters.token_min_padding_length = 0
2020-01-01 21:24:31,912 - INFO - allennlp.common.params - dataset_reader.split_sentences = True
2020-01-01 21:24:31,912 - INFO - allennlp.common.params - train_data_path = BC5CDR/output/train_data_nb.p
2020-01-01 21:24:31,912 - INFO - allennlp.training.util - Reading training data from BC5CDR/output/train_data_nb.p
2020-01-01 21:24:32,441 - INFO - allennlp.common.params - validation_data_path = BC5CDR/output/dev_data.p
2020-01-01 21:24:32,442 - INFO - allennlp.training.util - Reading validation data from BC5CDR/output/dev_data.p
2020-01-01 21:24:33,017 - INFO - allennlp.common.params - test_data_path = None
2020-01-01 21:24:33,027 - INFO - allennlp.training.trainer - From dataset instances, train, validation will be considered for vocabulary creation.
2020-01-01 21:24:33,027 - INFO - allennlp.common.params - vocabulary.type = None
2020-01-01 21:24:33,027 - INFO - allennlp.common.params - vocabulary.extend = False
2020-01-01 21:24:33,027 - INFO - allennlp.common.params - vocabulary.directory_path = None
2020-01-01 21:24:33,027 - INFO - allennlp.common.params - vocabulary.min_count = None
2020-01-01 21:24:33,027 - INFO - allennlp.common.params - vocabulary.max_vocab_size = None
2020-01-01 21:24:33,027 - INFO - allennlp.common.params - vocabulary.non_padded_namespaces = ('*tags', '*labels')
2020-01-01 21:24:33,027 - INFO - allennlp.common.params - vocabulary.min_pretrained_embeddings = None
2020-01-01 21:24:33,027 - INFO - allennlp.common.params - vocabulary.only_include_pretrained_words = False
2020-01-01 21:24:33,027 - INFO - allennlp.common.params - vocabulary.tokens_to_add = None
2020-01-01 21:24:33,028 - INFO - allennlp.data.vocabulary - Fitting token dictionary from dataset.
2020-01-01 21:24:34,360 - INFO - allennlp.common.from_params - instantiating class <class 'allennlp.models.model.Model'> from params {'dropout': 0.1, 'encoder': {'bidirectional': True, 'dropout': 0.1, 'hidden_size': 200, 'input_size': 896, 'num_layers': 2, 'type': 'lstm'}, 'include_start_end_transitions': True, 'label_encoding': 'IOB1', 'regularizer': [['scalar_parameters', {'alpha': 0.1, 'type': 'l2'}]], 'text_field_embedder': {'allow_unmatched_keys': True, 'embedder_to_indexer_map': {'bert': ['bert', 'bert-offsets'], 'token_characters': ['token_characters']}, 'token_embedders': {'bert': {'pretrained_model': 'data/scibert_scivocab_uncased/weights.tar.gz', 'type': 'bert-pretrained'}, 'token_characters': {'embedding': {'embedding_dim': 16}, 'encoder': {'conv_layer_activation': 'relu', 'embedding_dim': 16, 'ngram_filter_sizes': [3], 'num_filters': 128, 'type': 'cnn'}, 'type': 'character_encoding'}}}, 'type': 'wiser_crf_tagger', 'use_tags': 'True'} and extras {'vocab'}
2020-01-01 21:24:34,360 - INFO - allennlp.common.params - model.type = wiser_crf_tagger
2020-01-01 21:24:34,360 - INFO - allennlp.common.from_params - instantiating class <class 'wiser.models.crf_tagger.WiserCrfTagger'> from params {'dropout': 0.1, 'encoder': {'bidirectional': True, 'dropout': 0.1, 'hidden_size': 200, 'input_size': 896, 'num_layers': 2, 'type': 'lstm'}, 'include_start_end_transitions': True, 'label_encoding': 'IOB1', 'regularizer': [['scalar_parameters', {'alpha': 0.1, 'type': 'l2'}]], 'text_field_embedder': {'allow_unmatched_keys': True, 'embedder_to_indexer_map': {'bert': ['bert', 'bert-offsets'], 'token_characters': ['token_characters']}, 'token_embedders': {'bert': {'pretrained_model': 'data/scibert_scivocab_uncased/weights.tar.gz', 'type': 'bert-pretrained'}, 'token_characters': {'embedding': {'embedding_dim': 16}, 'encoder': {'conv_layer_activation': 'relu', 'embedding_dim': 16, 'ngram_filter_sizes': [3], 'num_filters': 128, 'type': 'cnn'}, 'type': 'character_encoding'}}}, 'use_tags': 'True'} and extras {'vocab'}
2020-01-01 21:24:34,361 - INFO - allennlp.common.from_params - instantiating class <class 'allennlp.modules.text_field_embedders.text_field_embedder.TextFieldEmbedder'> from params {'allow_unmatched_keys': True, 'embedder_to_indexer_map': {'bert': ['bert', 'bert-offsets'], 'token_characters': ['token_characters']}, 'token_embedders': {'bert': {'pretrained_model': 'data/scibert_scivocab_uncased/weights.tar.gz', 'type': 'bert-pretrained'}, 'token_characters': {'embedding': {'embedding_dim': 16}, 'encoder': {'conv_layer_activation': 'relu', 'embedding_dim': 16, 'ngram_filter_sizes': [3], 'num_filters': 128, 'type': 'cnn'}, 'type': 'character_encoding'}}} and extras {'vocab'}
2020-01-01 21:24:34,361 - INFO - allennlp.common.params - model.text_field_embedder.type = basic
2020-01-01 21:24:34,361 - INFO - allennlp.common.params - model.text_field_embedder.allow_unmatched_keys = True
2020-01-01 21:24:34,361 - INFO - allennlp.common.from_params - instantiating class <class 'allennlp.modules.token_embedders.token_embedder.TokenEmbedder'> from params {'pretrained_model': 'data/scibert_scivocab_uncased/weights.tar.gz', 'type': 'bert-pretrained'} and extras {'vocab'}
2020-01-01 21:24:34,361 - INFO - allennlp.common.params - model.text_field_embedder.token_embedders.bert.type = bert-pretrained
2020-01-01 21:24:34,361 - INFO - allennlp.common.from_params - instantiating class <class 'allennlp.modules.token_embedders.bert_token_embedder.PretrainedBertEmbedder'> from params {'pretrained_model': 'data/scibert_scivocab_uncased/weights.tar.gz'} and extras {'vocab'}
2020-01-01 21:24:34,361 - INFO - allennlp.common.params - model.text_field_embedder.token_embedders.bert.pretrained_model = data/scibert_scivocab_uncased/weights.tar.gz
2020-01-01 21:24:34,361 - INFO - allennlp.common.params - model.text_field_embedder.token_embedders.bert.requires_grad = False
2020-01-01 21:24:34,362 - INFO - allennlp.common.params - model.text_field_embedder.token_embedders.bert.top_layer_only = False
2020-01-01 21:24:34,362 - INFO - pytorch_pretrained_bert.modeling - loading archive file data/scibert_scivocab_uncased/weights.tar.gz
2020-01-01 21:24:34,368 - INFO - pytorch_pretrained_bert.modeling - extracting archive file data/scibert_scivocab_uncased/weights.tar.gz to temp dir /var/folders/yt/hkz7mz615yz6q7t6q1h2q8h40000gn/T/tmpj4orgfs5
2020-01-01 21:24:37,610 - INFO - pytorch_pretrained_bert.modeling - Model config {
  "attention_probs_dropout_prob": 0.1,
  "hidden_act": "gelu",
  "hidden_dropout_prob": 0.1,
  "hidden_size": 768,
  "initializer_range": 0.02,
  "intermediate_size": 3072,
  "max_position_embeddings": 512,
  "num_attention_heads": 12,
  "num_hidden_layers": 12,
  "type_vocab_size": 2,
  "vocab_size": 31090
}

2020-01-01 21:24:39,121 - INFO - allennlp.common.from_params - instantiating class <class 'allennlp.modules.token_embedders.token_embedder.TokenEmbedder'> from params {'embedding': {'embedding_dim': 16}, 'encoder': {'conv_layer_activation': 'relu', 'embedding_dim': 16, 'ngram_filter_sizes': [3], 'num_filters': 128, 'type': 'cnn'}, 'type': 'character_encoding'} and extras {'vocab'}
2020-01-01 21:24:39,121 - INFO - allennlp.common.params - model.text_field_embedder.token_embedders.token_characters.type = character_encoding
2020-01-01 21:24:39,121 - INFO - allennlp.common.params - model.text_field_embedder.token_embedders.token_characters.embedding.num_embeddings = None
2020-01-01 21:24:39,121 - INFO - allennlp.common.params - model.text_field_embedder.token_embedders.token_characters.embedding.vocab_namespace = token_characters
2020-01-01 21:24:39,121 - INFO - allennlp.common.params - model.text_field_embedder.token_embedders.token_characters.embedding.embedding_dim = 16
2020-01-01 21:24:39,121 - INFO - allennlp.common.params - model.text_field_embedder.token_embedders.token_characters.embedding.pretrained_file = None
2020-01-01 21:24:39,121 - INFO - allennlp.common.params - model.text_field_embedder.token_embedders.token_characters.embedding.projection_dim = None
2020-01-01 21:24:39,122 - INFO - allennlp.common.params - model.text_field_embedder.token_embedders.token_characters.embedding.trainable = True
2020-01-01 21:24:39,122 - INFO - allennlp.common.params - model.text_field_embedder.token_embedders.token_characters.embedding.padding_index = None
2020-01-01 21:24:39,122 - INFO - allennlp.common.params - model.text_field_embedder.token_embedders.token_characters.embedding.max_norm = None
2020-01-01 21:24:39,122 - INFO - allennlp.common.params - model.text_field_embedder.token_embedders.token_characters.embedding.norm_type = 2.0
2020-01-01 21:24:39,122 - INFO - allennlp.common.params - model.text_field_embedder.token_embedders.token_characters.embedding.scale_grad_by_freq = False
2020-01-01 21:24:39,122 - INFO - allennlp.common.params - model.text_field_embedder.token_embedders.token_characters.embedding.sparse = False
2020-01-01 21:24:39,122 - INFO - allennlp.common.from_params - instantiating class <class 'allennlp.modules.seq2vec_encoders.seq2vec_encoder.Seq2VecEncoder'> from params {'conv_layer_activation': 'relu', 'embedding_dim': 16, 'ngram_filter_sizes': [3], 'num_filters': 128, 'type': 'cnn'} and extras set()
2020-01-01 21:24:39,122 - INFO - allennlp.common.params - model.text_field_embedder.token_embedders.token_characters.encoder.type = cnn
2020-01-01 21:24:39,122 - INFO - allennlp.common.from_params - instantiating class <class 'allennlp.modules.seq2vec_encoders.cnn_encoder.CnnEncoder'> from params {'conv_layer_activation': 'relu', 'embedding_dim': 16, 'ngram_filter_sizes': [3], 'num_filters': 128} and extras set()
2020-01-01 21:24:39,123 - INFO - allennlp.common.params - model.text_field_embedder.token_embedders.token_characters.encoder.embedding_dim = 16
2020-01-01 21:24:39,123 - INFO - allennlp.common.params - model.text_field_embedder.token_embedders.token_characters.encoder.num_filters = 128
2020-01-01 21:24:39,123 - INFO - allennlp.common.params - model.text_field_embedder.token_embedders.token_characters.encoder.ngram_filter_sizes = [3]
2020-01-01 21:24:39,123 - INFO - allennlp.common.params - model.text_field_embedder.token_embedders.token_characters.encoder.conv_layer_activation = relu
2020-01-01 21:24:39,123 - INFO - allennlp.common.params - model.text_field_embedder.token_embedders.token_characters.encoder.output_dim = None
2020-01-01 21:24:39,124 - INFO - allennlp.common.params - model.text_field_embedder.token_embedders.token_characters.dropout = 0.0
2020-01-01 21:24:39,124 - INFO - allennlp.common.from_params - instantiating class <class 'allennlp.modules.seq2seq_encoders.seq2seq_encoder.Seq2SeqEncoder'> from params {'bidirectional': True, 'dropout': 0.1, 'hidden_size': 200, 'input_size': 896, 'num_layers': 2, 'type': 'lstm'} and extras {'vocab'}
2020-01-01 21:24:39,124 - INFO - allennlp.common.params - model.encoder.type = lstm
2020-01-01 21:24:39,124 - INFO - allennlp.common.params - model.encoder.batch_first = True
2020-01-01 21:24:39,124 - INFO - allennlp.common.params - model.encoder.stateful = False
2020-01-01 21:24:39,125 - INFO - allennlp.common.params - Converting Params object to dict; logging of default values will not occur when dictionary parameters are used subsequently.
2020-01-01 21:24:39,125 - INFO - allennlp.common.params - CURRENTLY DEFINED PARAMETERS: 
2020-01-01 21:24:39,125 - INFO - allennlp.common.params - model.encoder.bidirectional = True
2020-01-01 21:24:39,125 - INFO - allennlp.common.params - model.encoder.dropout = 0.1
2020-01-01 21:24:39,125 - INFO - allennlp.common.params - model.encoder.hidden_size = 200
2020-01-01 21:24:39,125 - INFO - allennlp.common.params - model.encoder.input_size = 896
2020-01-01 21:24:39,125 - INFO - allennlp.common.params - model.encoder.num_layers = 2
2020-01-01 21:24:39,125 - INFO - allennlp.common.params - model.encoder.batch_first = True
2020-01-01 21:24:39,148 - INFO - allennlp.common.params - model.label_namespace = labels
2020-01-01 21:24:39,148 - INFO - allennlp.common.params - model.label_encoding = IOB1
2020-01-01 21:24:39,148 - INFO - allennlp.common.params - model.include_start_end_transitions = True
2020-01-01 21:24:39,148 - INFO - allennlp.common.params - model.constrain_crf_decoding = None
2020-01-01 21:24:39,149 - INFO - allennlp.common.params - model.calculate_span_f1 = None
2020-01-01 21:24:39,149 - INFO - allennlp.common.params - model.dropout = 0.1
2020-01-01 21:24:39,149 - INFO - allennlp.common.params - model.verbose_metrics = False
2020-01-01 21:24:39,149 - INFO - allennlp.common.params - model.regularizer = [['scalar_parameters', {'alpha': 0.1, 'type': 'l2'}]]
2020-01-01 21:24:39,149 - INFO - allennlp.common.params - model.regularizer.0.1.type = l2
2020-01-01 21:24:39,149 - INFO - allennlp.common.params - model.use_tags = True
2020-01-01 21:24:39,150 - INFO - allennlp.nn.initializers - Initializing parameters
2020-01-01 21:24:39,151 - INFO - allennlp.nn.initializers - Done initializing parameters; the following parameters are using their default initialization from their code
2020-01-01 21:24:39,151 - INFO - allennlp.nn.initializers -    crf._constraint_mask
2020-01-01 21:24:39,152 - INFO - allennlp.nn.initializers -    crf.end_transitions
2020-01-01 21:24:39,152 - INFO - allennlp.nn.initializers -    crf.start_transitions
2020-01-01 21:24:39,152 - INFO - allennlp.nn.initializers -    crf.transitions
2020-01-01 21:24:39,152 - INFO - allennlp.nn.initializers -    encoder._module.bias_hh_l0
2020-01-01 21:24:39,152 - INFO - allennlp.nn.initializers -    encoder._module.bias_hh_l0_reverse
2020-01-01 21:24:39,152 - INFO - allennlp.nn.initializers -    encoder._module.bias_hh_l1
2020-01-01 21:24:39,152 - INFO - allennlp.nn.initializers -    encoder._module.bias_hh_l1_reverse
2020-01-01 21:24:39,152 - INFO - allennlp.nn.initializers -    encoder._module.bias_ih_l0
2020-01-01 21:24:39,152 - INFO - allennlp.nn.initializers -    encoder._module.bias_ih_l0_reverse
2020-01-01 21:24:39,152 - INFO - allennlp.nn.initializers -    encoder._module.bias_ih_l1
2020-01-01 21:24:39,152 - INFO - allennlp.nn.initializers -    encoder._module.bias_ih_l1_reverse
2020-01-01 21:24:39,152 - INFO - allennlp.nn.initializers -    encoder._module.weight_hh_l0
2020-01-01 21:24:39,152 - INFO - allennlp.nn.initializers -    encoder._module.weight_hh_l0_reverse
2020-01-01 21:24:39,152 - INFO - allennlp.nn.initializers -    encoder._module.weight_hh_l1
2020-01-01 21:24:39,153 - INFO - allennlp.nn.initializers -    encoder._module.weight_hh_l1_reverse
2020-01-01 21:24:39,153 - INFO - allennlp.nn.initializers -    encoder._module.weight_ih_l0
2020-01-01 21:24:39,153 - INFO - allennlp.nn.initializers -    encoder._module.weight_ih_l0_reverse
2020-01-01 21:24:39,153 - INFO - allennlp.nn.initializers -    encoder._module.weight_ih_l1
2020-01-01 21:24:39,153 - INFO - allennlp.nn.initializers -    encoder._module.weight_ih_l1_reverse
2020-01-01 21:24:39,153 - INFO - allennlp.nn.initializers -    tag_projection_layer._module.bias
2020-01-01 21:24:39,153 - INFO - allennlp.nn.initializers -    tag_projection_layer._module.weight
2020-01-01 21:24:39,153 - INFO - allennlp.nn.initializers -    text_field_embedder.token_embedder_bert._scalar_mix.gamma
2020-01-01 21:24:39,153 - INFO - allennlp.nn.initializers -    text_field_embedder.token_embedder_bert._scalar_mix.scalar_parameters.0
2020-01-01 21:24:39,153 - INFO - allennlp.nn.initializers -    text_field_embedder.token_embedder_bert._scalar_mix.scalar_parameters.1
2020-01-01 21:24:39,153 - INFO - allennlp.nn.initializers -    text_field_embedder.token_embedder_bert._scalar_mix.scalar_parameters.10
2020-01-01 21:24:39,153 - INFO - allennlp.nn.initializers -    text_field_embedder.token_embedder_bert._scalar_mix.scalar_parameters.11
2020-01-01 21:24:39,153 - INFO - allennlp.nn.initializers -    text_field_embedder.token_embedder_bert._scalar_mix.scalar_parameters.2
2020-01-01 21:24:39,153 - INFO - allennlp.nn.initializers -    text_field_embedder.token_embedder_bert._scalar_mix.scalar_parameters.3
2020-01-01 21:24:39,153 - INFO - allennlp.nn.initializers -    text_field_embedder.token_embedder_bert._scalar_mix.scalar_parameters.4
2020-01-01 21:24:39,154 - INFO - allennlp.nn.initializers -    text_field_embedder.token_embedder_bert._scalar_mix.scalar_parameters.5
2020-01-01 21:24:39,154 - INFO - allennlp.nn.initializers -    text_field_embedder.token_embedder_bert._scalar_mix.scalar_parameters.6
2020-01-01 21:24:39,154 - INFO - allennlp.nn.initializers -    text_field_embedder.token_embedder_bert._scalar_mix.scalar_parameters.7
2020-01-01 21:24:39,154 - INFO - allennlp.nn.initializers -    text_field_embedder.token_embedder_bert._scalar_mix.scalar_parameters.8
2020-01-01 21:24:39,154 - INFO - allennlp.nn.initializers -    text_field_embedder.token_embedder_bert._scalar_mix.scalar_parameters.9
2020-01-01 21:24:39,154 - INFO - allennlp.nn.initializers -    text_field_embedder.token_embedder_bert.bert_model.embeddings.LayerNorm.bias
2020-01-01 21:24:39,154 - INFO - allennlp.nn.initializers -    text_field_embedder.token_embedder_bert.bert_model.embeddings.LayerNorm.weight
2020-01-01 21:24:39,154 - INFO - allennlp.nn.initializers -    text_field_embedder.token_embedder_bert.bert_model.embeddings.position_embeddings.weight
2020-01-01 21:24:39,154 - INFO - allennlp.nn.initializers -    text_field_embedder.token_embedder_bert.bert_model.embeddings.token_type_embeddings.weight
2020-01-01 21:24:39,154 - INFO - allennlp.nn.initializers -    text_field_embedder.token_embedder_bert.bert_model.embeddings.word_embeddings.weight
2020-01-01 21:24:39,154 - INFO - allennlp.nn.initializers -    text_field_embedder.token_embedder_bert.bert_model.encoder.layer.0.attention.output.LayerNorm.bias
2020-01-01 21:24:39,154 - INFO - allennlp.nn.initializers -    text_field_embedder.token_embedder_bert.bert_model.encoder.layer.0.attention.output.LayerNorm.weight
2020-01-01 21:24:39,154 - INFO - allennlp.nn.initializers -    text_field_embedder.token_embedder_bert.bert_model.encoder.layer.0.attention.output.dense.bias
2020-01-01 21:24:39,154 - INFO - allennlp.nn.initializers -    text_field_embedder.token_embedder_bert.bert_model.encoder.layer.0.attention.output.dense.weight
2020-01-01 21:24:39,155 - INFO - allennlp.nn.initializers -    text_field_embedder.token_embedder_bert.bert_model.encoder.layer.0.attention.self.key.bias
2020-01-01 21:24:39,155 - INFO - allennlp.nn.initializers -    text_field_embedder.token_embedder_bert.bert_model.encoder.layer.0.attention.self.key.weight
2020-01-01 21:24:39,155 - INFO - allennlp.nn.initializers -    text_field_embedder.token_embedder_bert.bert_model.encoder.layer.0.attention.self.query.bias
2020-01-01 21:24:39,155 - INFO - allennlp.nn.initializers -    text_field_embedder.token_embedder_bert.bert_model.encoder.layer.0.attention.self.query.weight
2020-01-01 21:24:39,155 - INFO - allennlp.nn.initializers -    text_field_embedder.token_embedder_bert.bert_model.encoder.layer.0.attention.self.value.bias
2020-01-01 21:24:39,155 - INFO - allennlp.nn.initializers -    text_field_embedder.token_embedder_bert.bert_model.encoder.layer.0.attention.self.value.weight
2020-01-01 21:24:39,155 - INFO - allennlp.nn.initializers -    text_field_embedder.token_embedder_bert.bert_model.encoder.layer.0.intermediate.dense.bias
2020-01-01 21:24:39,155 - INFO - allennlp.nn.initializers -    text_field_embedder.token_embedder_bert.bert_model.encoder.layer.0.intermediate.dense.weight
2020-01-01 21:24:39,155 - INFO - allennlp.nn.initializers -    text_field_embedder.token_embedder_bert.bert_model.encoder.layer.0.output.LayerNorm.bias
2020-01-01 21:24:39,155 - INFO - allennlp.nn.initializers -    text_field_embedder.token_embedder_bert.bert_model.encoder.layer.0.output.LayerNorm.weight
2020-01-01 21:24:39,155 - INFO - allennlp.nn.initializers -    text_field_embedder.token_embedder_bert.bert_model.encoder.layer.0.output.dense.bias
2020-01-01 21:24:39,155 - INFO - allennlp.nn.initializers -    text_field_embedder.token_embedder_bert.bert_model.encoder.layer.0.output.dense.weight
2020-01-01 21:24:39,155 - INFO - allennlp.nn.initializers -    text_field_embedder.token_embedder_bert.bert_model.encoder.layer.1.attention.output.LayerNorm.bias
2020-01-01 21:24:39,155 - INFO - allennlp.nn.initializers -    text_field_embedder.token_embedder_bert.bert_model.encoder.layer.1.attention.output.LayerNorm.weight
2020-01-01 21:24:39,156 - INFO - allennlp.nn.initializers -    text_field_embedder.token_embedder_bert.bert_model.encoder.layer.1.attention.output.dense.bias
2020-01-01 21:24:39,156 - INFO - allennlp.nn.initializers -    text_field_embedder.token_embedder_bert.bert_model.encoder.layer.1.attention.output.dense.weight
2020-01-01 21:24:39,156 - INFO - allennlp.nn.initializers -    text_field_embedder.token_embedder_bert.bert_model.encoder.layer.1.attention.self.key.bias
2020-01-01 21:24:39,156 - INFO - allennlp.nn.initializers -    text_field_embedder.token_embedder_bert.bert_model.encoder.layer.1.attention.self.key.weight
2020-01-01 21:24:39,156 - INFO - allennlp.nn.initializers -    text_field_embedder.token_embedder_bert.bert_model.encoder.layer.1.attention.self.query.bias
2020-01-01 21:24:39,156 - INFO - allennlp.nn.initializers -    text_field_embedder.token_embedder_bert.bert_model.encoder.layer.1.attention.self.query.weight
2020-01-01 21:24:39,156 - INFO - allennlp.nn.initializers -    text_field_embedder.token_embedder_bert.bert_model.encoder.layer.1.attention.self.value.bias
2020-01-01 21:24:39,156 - INFO - allennlp.nn.initializers -    text_field_embedder.token_embedder_bert.bert_model.encoder.layer.1.attention.self.value.weight
2020-01-01 21:24:39,156 - INFO - allennlp.nn.initializers -    text_field_embedder.token_embedder_bert.bert_model.encoder.layer.1.intermediate.dense.bias
2020-01-01 21:24:39,156 - INFO - allennlp.nn.initializers -    text_field_embedder.token_embedder_bert.bert_model.encoder.layer.1.intermediate.dense.weight
2020-01-01 21:24:39,156 - INFO - allennlp.nn.initializers -    text_field_embedder.token_embedder_bert.bert_model.encoder.layer.1.output.LayerNorm.bias
2020-01-01 21:24:39,156 - INFO - allennlp.nn.initializers -    text_field_embedder.token_embedder_bert.bert_model.encoder.layer.1.output.LayerNorm.weight
2020-01-01 21:24:39,156 - INFO - allennlp.nn.initializers -    text_field_embedder.token_embedder_bert.bert_model.encoder.layer.1.output.dense.bias
2020-01-01 21:24:39,156 - INFO - allennlp.nn.initializers -    text_field_embedder.token_embedder_bert.bert_model.encoder.layer.1.output.dense.weight
2020-01-01 21:24:39,156 - INFO - allennlp.nn.initializers -    text_field_embedder.token_embedder_bert.bert_model.encoder.layer.10.attention.output.LayerNorm.bias
2020-01-01 21:24:39,157 - INFO - allennlp.nn.initializers -    text_field_embedder.token_embedder_bert.bert_model.encoder.layer.10.attention.output.LayerNorm.weight
2020-01-01 21:24:39,157 - INFO - allennlp.nn.initializers -    text_field_embedder.token_embedder_bert.bert_model.encoder.layer.10.attention.output.dense.bias
2020-01-01 21:24:39,157 - INFO - allennlp.nn.initializers -    text_field_embedder.token_embedder_bert.bert_model.encoder.layer.10.attention.output.dense.weight
2020-01-01 21:24:39,157 - INFO - allennlp.nn.initializers -    text_field_embedder.token_embedder_bert.bert_model.encoder.layer.10.attention.self.key.bias
2020-01-01 21:24:39,157 - INFO - allennlp.nn.initializers -    text_field_embedder.token_embedder_bert.bert_model.encoder.layer.10.attention.self.key.weight
2020-01-01 21:24:39,157 - INFO - allennlp.nn.initializers -    text_field_embedder.token_embedder_bert.bert_model.encoder.layer.10.attention.self.query.bias
2020-01-01 21:24:39,157 - INFO - allennlp.nn.initializers -    text_field_embedder.token_embedder_bert.bert_model.encoder.layer.10.attention.self.query.weight
2020-01-01 21:24:39,157 - INFO - allennlp.nn.initializers -    text_field_embedder.token_embedder_bert.bert_model.encoder.layer.10.attention.self.value.bias
2020-01-01 21:24:39,157 - INFO - allennlp.nn.initializers -    text_field_embedder.token_embedder_bert.bert_model.encoder.layer.10.attention.self.value.weight
2020-01-01 21:24:39,157 - INFO - allennlp.nn.initializers -    text_field_embedder.token_embedder_bert.bert_model.encoder.layer.10.intermediate.dense.bias
2020-01-01 21:24:39,157 - INFO - allennlp.nn.initializers -    text_field_embedder.token_embedder_bert.bert_model.encoder.layer.10.intermediate.dense.weight
2020-01-01 21:24:39,157 - INFO - allennlp.nn.initializers -    text_field_embedder.token_embedder_bert.bert_model.encoder.layer.10.output.LayerNorm.bias
2020-01-01 21:24:39,157 - INFO - allennlp.nn.initializers -    text_field_embedder.token_embedder_bert.bert_model.encoder.layer.10.output.LayerNorm.weight
2020-01-01 21:24:39,157 - INFO - allennlp.nn.initializers -    text_field_embedder.token_embedder_bert.bert_model.encoder.layer.10.output.dense.bias
2020-01-01 21:24:39,158 - INFO - allennlp.nn.initializers -    text_field_embedder.token_embedder_bert.bert_model.encoder.layer.10.output.dense.weight
2020-01-01 21:24:39,158 - INFO - allennlp.nn.initializers -    text_field_embedder.token_embedder_bert.bert_model.encoder.layer.11.attention.output.LayerNorm.bias
2020-01-01 21:24:39,158 - INFO - allennlp.nn.initializers -    text_field_embedder.token_embedder_bert.bert_model.encoder.layer.11.attention.output.LayerNorm.weight
2020-01-01 21:24:39,158 - INFO - allennlp.nn.initializers -    text_field_embedder.token_embedder_bert.bert_model.encoder.layer.11.attention.output.dense.bias
2020-01-01 21:24:39,158 - INFO - allennlp.nn.initializers -    text_field_embedder.token_embedder_bert.bert_model.encoder.layer.11.attention.output.dense.weight
2020-01-01 21:24:39,158 - INFO - allennlp.nn.initializers -    text_field_embedder.token_embedder_bert.bert_model.encoder.layer.11.attention.self.key.bias
2020-01-01 21:24:39,158 - INFO - allennlp.nn.initializers -    text_field_embedder.token_embedder_bert.bert_model.encoder.layer.11.attention.self.key.weight
2020-01-01 21:24:39,158 - INFO - allennlp.nn.initializers -    text_field_embedder.token_embedder_bert.bert_model.encoder.layer.11.attention.self.query.bias
2020-01-01 21:24:39,158 - INFO - allennlp.nn.initializers -    text_field_embedder.token_embedder_bert.bert_model.encoder.layer.11.attention.self.query.weight
2020-01-01 21:24:39,158 - INFO - allennlp.nn.initializers -    text_field_embedder.token_embedder_bert.bert_model.encoder.layer.11.attention.self.value.bias
2020-01-01 21:24:39,158 - INFO - allennlp.nn.initializers -    text_field_embedder.token_embedder_bert.bert_model.encoder.layer.11.attention.self.value.weight
2020-01-01 21:24:39,158 - INFO - allennlp.nn.initializers -    text_field_embedder.token_embedder_bert.bert_model.encoder.layer.11.intermediate.dense.bias
2020-01-01 21:24:39,158 - INFO - allennlp.nn.initializers -    text_field_embedder.token_embedder_bert.bert_model.encoder.layer.11.intermediate.dense.weight
2020-01-01 21:24:39,158 - INFO - allennlp.nn.initializers -    text_field_embedder.token_embedder_bert.bert_model.encoder.layer.11.output.LayerNorm.bias
2020-01-01 21:24:39,158 - INFO - allennlp.nn.initializers -    text_field_embedder.token_embedder_bert.bert_model.encoder.layer.11.output.LayerNorm.weight
2020-01-01 21:24:39,159 - INFO - allennlp.nn.initializers -    text_field_embedder.token_embedder_bert.bert_model.encoder.layer.11.output.dense.bias
2020-01-01 21:24:39,159 - INFO - allennlp.nn.initializers -    text_field_embedder.token_embedder_bert.bert_model.encoder.layer.11.output.dense.weight
2020-01-01 21:24:39,159 - INFO - allennlp.nn.initializers -    text_field_embedder.token_embedder_bert.bert_model.encoder.layer.2.attention.output.LayerNorm.bias
2020-01-01 21:24:39,159 - INFO - allennlp.nn.initializers -    text_field_embedder.token_embedder_bert.bert_model.encoder.layer.2.attention.output.LayerNorm.weight
2020-01-01 21:24:39,159 - INFO - allennlp.nn.initializers -    text_field_embedder.token_embedder_bert.bert_model.encoder.layer.2.attention.output.dense.bias
2020-01-01 21:24:39,159 - INFO - allennlp.nn.initializers -    text_field_embedder.token_embedder_bert.bert_model.encoder.layer.2.attention.output.dense.weight
2020-01-01 21:24:39,159 - INFO - allennlp.nn.initializers -    text_field_embedder.token_embedder_bert.bert_model.encoder.layer.2.attention.self.key.bias
2020-01-01 21:24:39,159 - INFO - allennlp.nn.initializers -    text_field_embedder.token_embedder_bert.bert_model.encoder.layer.2.attention.self.key.weight
2020-01-01 21:24:39,159 - INFO - allennlp.nn.initializers -    text_field_embedder.token_embedder_bert.bert_model.encoder.layer.2.attention.self.query.bias
2020-01-01 21:24:39,159 - INFO - allennlp.nn.initializers -    text_field_embedder.token_embedder_bert.bert_model.encoder.layer.2.attention.self.query.weight
2020-01-01 21:24:39,159 - INFO - allennlp.nn.initializers -    text_field_embedder.token_embedder_bert.bert_model.encoder.layer.2.attention.self.value.bias
2020-01-01 21:24:39,159 - INFO - allennlp.nn.initializers -    text_field_embedder.token_embedder_bert.bert_model.encoder.layer.2.attention.self.value.weight
2020-01-01 21:24:39,159 - INFO - allennlp.nn.initializers -    text_field_embedder.token_embedder_bert.bert_model.encoder.layer.2.intermediate.dense.bias
2020-01-01 21:24:39,159 - INFO - allennlp.nn.initializers -    text_field_embedder.token_embedder_bert.bert_model.encoder.layer.2.intermediate.dense.weight
2020-01-01 21:24:39,160 - INFO - allennlp.nn.initializers -    text_field_embedder.token_embedder_bert.bert_model.encoder.layer.2.output.LayerNorm.bias
2020-01-01 21:24:39,160 - INFO - allennlp.nn.initializers -    text_field_embedder.token_embedder_bert.bert_model.encoder.layer.2.output.LayerNorm.weight
2020-01-01 21:24:39,160 - INFO - allennlp.nn.initializers -    text_field_embedder.token_embedder_bert.bert_model.encoder.layer.2.output.dense.bias
2020-01-01 21:24:39,160 - INFO - allennlp.nn.initializers -    text_field_embedder.token_embedder_bert.bert_model.encoder.layer.2.output.dense.weight
2020-01-01 21:24:39,160 - INFO - allennlp.nn.initializers -    text_field_embedder.token_embedder_bert.bert_model.encoder.layer.3.attention.output.LayerNorm.bias
2020-01-01 21:24:39,160 - INFO - allennlp.nn.initializers -    text_field_embedder.token_embedder_bert.bert_model.encoder.layer.3.attention.output.LayerNorm.weight
2020-01-01 21:24:39,160 - INFO - allennlp.nn.initializers -    text_field_embedder.token_embedder_bert.bert_model.encoder.layer.3.attention.output.dense.bias
2020-01-01 21:24:39,160 - INFO - allennlp.nn.initializers -    text_field_embedder.token_embedder_bert.bert_model.encoder.layer.3.attention.output.dense.weight
2020-01-01 21:24:39,160 - INFO - allennlp.nn.initializers -    text_field_embedder.token_embedder_bert.bert_model.encoder.layer.3.attention.self.key.bias
2020-01-01 21:24:39,160 - INFO - allennlp.nn.initializers -    text_field_embedder.token_embedder_bert.bert_model.encoder.layer.3.attention.self.key.weight
2020-01-01 21:24:39,160 - INFO - allennlp.nn.initializers -    text_field_embedder.token_embedder_bert.bert_model.encoder.layer.3.attention.self.query.bias
2020-01-01 21:24:39,160 - INFO - allennlp.nn.initializers -    text_field_embedder.token_embedder_bert.bert_model.encoder.layer.3.attention.self.query.weight
2020-01-01 21:24:39,160 - INFO - allennlp.nn.initializers -    text_field_embedder.token_embedder_bert.bert_model.encoder.layer.3.attention.self.value.bias
2020-01-01 21:24:39,160 - INFO - allennlp.nn.initializers -    text_field_embedder.token_embedder_bert.bert_model.encoder.layer.3.attention.self.value.weight
2020-01-01 21:24:39,160 - INFO - allennlp.nn.initializers -    text_field_embedder.token_embedder_bert.bert_model.encoder.layer.3.intermediate.dense.bias
2020-01-01 21:24:39,161 - INFO - allennlp.nn.initializers -    text_field_embedder.token_embedder_bert.bert_model.encoder.layer.3.intermediate.dense.weight
2020-01-01 21:24:39,161 - INFO - allennlp.nn.initializers -    text_field_embedder.token_embedder_bert.bert_model.encoder.layer.3.output.LayerNorm.bias
2020-01-01 21:24:39,161 - INFO - allennlp.nn.initializers -    text_field_embedder.token_embedder_bert.bert_model.encoder.layer.3.output.LayerNorm.weight
2020-01-01 21:24:39,161 - INFO - allennlp.nn.initializers -    text_field_embedder.token_embedder_bert.bert_model.encoder.layer.3.output.dense.bias
2020-01-01 21:24:39,161 - INFO - allennlp.nn.initializers -    text_field_embedder.token_embedder_bert.bert_model.encoder.layer.3.output.dense.weight
2020-01-01 21:24:39,161 - INFO - allennlp.nn.initializers -    text_field_embedder.token_embedder_bert.bert_model.encoder.layer.4.attention.output.LayerNorm.bias
2020-01-01 21:24:39,161 - INFO - allennlp.nn.initializers -    text_field_embedder.token_embedder_bert.bert_model.encoder.layer.4.attention.output.LayerNorm.weight
2020-01-01 21:24:39,161 - INFO - allennlp.nn.initializers -    text_field_embedder.token_embedder_bert.bert_model.encoder.layer.4.attention.output.dense.bias
2020-01-01 21:24:39,161 - INFO - allennlp.nn.initializers -    text_field_embedder.token_embedder_bert.bert_model.encoder.layer.4.attention.output.dense.weight
2020-01-01 21:24:39,161 - INFO - allennlp.nn.initializers -    text_field_embedder.token_embedder_bert.bert_model.encoder.layer.4.attention.self.key.bias
2020-01-01 21:24:39,161 - INFO - allennlp.nn.initializers -    text_field_embedder.token_embedder_bert.bert_model.encoder.layer.4.attention.self.key.weight
2020-01-01 21:24:39,161 - INFO - allennlp.nn.initializers -    text_field_embedder.token_embedder_bert.bert_model.encoder.layer.4.attention.self.query.bias
2020-01-01 21:24:39,161 - INFO - allennlp.nn.initializers -    text_field_embedder.token_embedder_bert.bert_model.encoder.layer.4.attention.self.query.weight
2020-01-01 21:24:39,161 - INFO - allennlp.nn.initializers -    text_field_embedder.token_embedder_bert.bert_model.encoder.layer.4.attention.self.value.bias
2020-01-01 21:24:39,161 - INFO - allennlp.nn.initializers -    text_field_embedder.token_embedder_bert.bert_model.encoder.layer.4.attention.self.value.weight
2020-01-01 21:24:39,162 - INFO - allennlp.nn.initializers -    text_field_embedder.token_embedder_bert.bert_model.encoder.layer.4.intermediate.dense.bias
2020-01-01 21:24:39,162 - INFO - allennlp.nn.initializers -    text_field_embedder.token_embedder_bert.bert_model.encoder.layer.4.intermediate.dense.weight
2020-01-01 21:24:39,162 - INFO - allennlp.nn.initializers -    text_field_embedder.token_embedder_bert.bert_model.encoder.layer.4.output.LayerNorm.bias
2020-01-01 21:24:39,162 - INFO - allennlp.nn.initializers -    text_field_embedder.token_embedder_bert.bert_model.encoder.layer.4.output.LayerNorm.weight
2020-01-01 21:24:39,162 - INFO - allennlp.nn.initializers -    text_field_embedder.token_embedder_bert.bert_model.encoder.layer.4.output.dense.bias
2020-01-01 21:24:39,162 - INFO - allennlp.nn.initializers -    text_field_embedder.token_embedder_bert.bert_model.encoder.layer.4.output.dense.weight
2020-01-01 21:24:39,162 - INFO - allennlp.nn.initializers -    text_field_embedder.token_embedder_bert.bert_model.encoder.layer.5.attention.output.LayerNorm.bias
2020-01-01 21:24:39,162 - INFO - allennlp.nn.initializers -    text_field_embedder.token_embedder_bert.bert_model.encoder.layer.5.attention.output.LayerNorm.weight
2020-01-01 21:24:39,162 - INFO - allennlp.nn.initializers -    text_field_embedder.token_embedder_bert.bert_model.encoder.layer.5.attention.output.dense.bias
2020-01-01 21:24:39,162 - INFO - allennlp.nn.initializers -    text_field_embedder.token_embedder_bert.bert_model.encoder.layer.5.attention.output.dense.weight
2020-01-01 21:24:39,162 - INFO - allennlp.nn.initializers -    text_field_embedder.token_embedder_bert.bert_model.encoder.layer.5.attention.self.key.bias
2020-01-01 21:24:39,162 - INFO - allennlp.nn.initializers -    text_field_embedder.token_embedder_bert.bert_model.encoder.layer.5.attention.self.key.weight
2020-01-01 21:24:39,162 - INFO - allennlp.nn.initializers -    text_field_embedder.token_embedder_bert.bert_model.encoder.layer.5.attention.self.query.bias
2020-01-01 21:24:39,162 - INFO - allennlp.nn.initializers -    text_field_embedder.token_embedder_bert.bert_model.encoder.layer.5.attention.self.query.weight
2020-01-01 21:24:39,162 - INFO - allennlp.nn.initializers -    text_field_embedder.token_embedder_bert.bert_model.encoder.layer.5.attention.self.value.bias
2020-01-01 21:24:39,162 - INFO - allennlp.nn.initializers -    text_field_embedder.token_embedder_bert.bert_model.encoder.layer.5.attention.self.value.weight
2020-01-01 21:24:39,162 - INFO - allennlp.nn.initializers -    text_field_embedder.token_embedder_bert.bert_model.encoder.layer.5.intermediate.dense.bias
2020-01-01 21:24:39,163 - INFO - allennlp.nn.initializers -    text_field_embedder.token_embedder_bert.bert_model.encoder.layer.5.intermediate.dense.weight
2020-01-01 21:24:39,163 - INFO - allennlp.nn.initializers -    text_field_embedder.token_embedder_bert.bert_model.encoder.layer.5.output.LayerNorm.bias
2020-01-01 21:24:39,163 - INFO - allennlp.nn.initializers -    text_field_embedder.token_embedder_bert.bert_model.encoder.layer.5.output.LayerNorm.weight
2020-01-01 21:24:39,163 - INFO - allennlp.nn.initializers -    text_field_embedder.token_embedder_bert.bert_model.encoder.layer.5.output.dense.bias
2020-01-01 21:24:39,163 - INFO - allennlp.nn.initializers -    text_field_embedder.token_embedder_bert.bert_model.encoder.layer.5.output.dense.weight
2020-01-01 21:24:39,163 - INFO - allennlp.nn.initializers -    text_field_embedder.token_embedder_bert.bert_model.encoder.layer.6.attention.output.LayerNorm.bias
2020-01-01 21:24:39,163 - INFO - allennlp.nn.initializers -    text_field_embedder.token_embedder_bert.bert_model.encoder.layer.6.attention.output.LayerNorm.weight
2020-01-01 21:24:39,163 - INFO - allennlp.nn.initializers -    text_field_embedder.token_embedder_bert.bert_model.encoder.layer.6.attention.output.dense.bias
2020-01-01 21:24:39,163 - INFO - allennlp.nn.initializers -    text_field_embedder.token_embedder_bert.bert_model.encoder.layer.6.attention.output.dense.weight
2020-01-01 21:24:39,163 - INFO - allennlp.nn.initializers -    text_field_embedder.token_embedder_bert.bert_model.encoder.layer.6.attention.self.key.bias
2020-01-01 21:24:39,163 - INFO - allennlp.nn.initializers -    text_field_embedder.token_embedder_bert.bert_model.encoder.layer.6.attention.self.key.weight
2020-01-01 21:24:39,163 - INFO - allennlp.nn.initializers -    text_field_embedder.token_embedder_bert.bert_model.encoder.layer.6.attention.self.query.bias
2020-01-01 21:24:39,163 - INFO - allennlp.nn.initializers -    text_field_embedder.token_embedder_bert.bert_model.encoder.layer.6.attention.self.query.weight
2020-01-01 21:24:39,163 - INFO - allennlp.nn.initializers -    text_field_embedder.token_embedder_bert.bert_model.encoder.layer.6.attention.self.value.bias
2020-01-01 21:24:39,163 - INFO - allennlp.nn.initializers -    text_field_embedder.token_embedder_bert.bert_model.encoder.layer.6.attention.self.value.weight
2020-01-01 21:24:39,163 - INFO - allennlp.nn.initializers -    text_field_embedder.token_embedder_bert.bert_model.encoder.layer.6.intermediate.dense.bias
2020-01-01 21:24:39,164 - INFO - allennlp.nn.initializers -    text_field_embedder.token_embedder_bert.bert_model.encoder.layer.6.intermediate.dense.weight
2020-01-01 21:24:39,164 - INFO - allennlp.nn.initializers -    text_field_embedder.token_embedder_bert.bert_model.encoder.layer.6.output.LayerNorm.bias
2020-01-01 21:24:39,164 - INFO - allennlp.nn.initializers -    text_field_embedder.token_embedder_bert.bert_model.encoder.layer.6.output.LayerNorm.weight
2020-01-01 21:24:39,164 - INFO - allennlp.nn.initializers -    text_field_embedder.token_embedder_bert.bert_model.encoder.layer.6.output.dense.bias
2020-01-01 21:24:39,164 - INFO - allennlp.nn.initializers -    text_field_embedder.token_embedder_bert.bert_model.encoder.layer.6.output.dense.weight
2020-01-01 21:24:39,164 - INFO - allennlp.nn.initializers -    text_field_embedder.token_embedder_bert.bert_model.encoder.layer.7.attention.output.LayerNorm.bias
2020-01-01 21:24:39,164 - INFO - allennlp.nn.initializers -    text_field_embedder.token_embedder_bert.bert_model.encoder.layer.7.attention.output.LayerNorm.weight
2020-01-01 21:24:39,164 - INFO - allennlp.nn.initializers -    text_field_embedder.token_embedder_bert.bert_model.encoder.layer.7.attention.output.dense.bias
2020-01-01 21:24:39,164 - INFO - allennlp.nn.initializers -    text_field_embedder.token_embedder_bert.bert_model.encoder.layer.7.attention.output.dense.weight
2020-01-01 21:24:39,164 - INFO - allennlp.nn.initializers -    text_field_embedder.token_embedder_bert.bert_model.encoder.layer.7.attention.self.key.bias
2020-01-01 21:24:39,164 - INFO - allennlp.nn.initializers -    text_field_embedder.token_embedder_bert.bert_model.encoder.layer.7.attention.self.key.weight
2020-01-01 21:24:39,164 - INFO - allennlp.nn.initializers -    text_field_embedder.token_embedder_bert.bert_model.encoder.layer.7.attention.self.query.bias
2020-01-01 21:24:39,164 - INFO - allennlp.nn.initializers -    text_field_embedder.token_embedder_bert.bert_model.encoder.layer.7.attention.self.query.weight
2020-01-01 21:24:39,164 - INFO - allennlp.nn.initializers -    text_field_embedder.token_embedder_bert.bert_model.encoder.layer.7.attention.self.value.bias
2020-01-01 21:24:39,164 - INFO - allennlp.nn.initializers -    text_field_embedder.token_embedder_bert.bert_model.encoder.layer.7.attention.self.value.weight
2020-01-01 21:24:39,164 - INFO - allennlp.nn.initializers -    text_field_embedder.token_embedder_bert.bert_model.encoder.layer.7.intermediate.dense.bias
2020-01-01 21:24:39,164 - INFO - allennlp.nn.initializers -    text_field_embedder.token_embedder_bert.bert_model.encoder.layer.7.intermediate.dense.weight
2020-01-01 21:24:39,165 - INFO - allennlp.nn.initializers -    text_field_embedder.token_embedder_bert.bert_model.encoder.layer.7.output.LayerNorm.bias
2020-01-01 21:24:39,165 - INFO - allennlp.nn.initializers -    text_field_embedder.token_embedder_bert.bert_model.encoder.layer.7.output.LayerNorm.weight
2020-01-01 21:24:39,165 - INFO - allennlp.nn.initializers -    text_field_embedder.token_embedder_bert.bert_model.encoder.layer.7.output.dense.bias
2020-01-01 21:24:39,165 - INFO - allennlp.nn.initializers -    text_field_embedder.token_embedder_bert.bert_model.encoder.layer.7.output.dense.weight
2020-01-01 21:24:39,165 - INFO - allennlp.nn.initializers -    text_field_embedder.token_embedder_bert.bert_model.encoder.layer.8.attention.output.LayerNorm.bias
2020-01-01 21:24:39,165 - INFO - allennlp.nn.initializers -    text_field_embedder.token_embedder_bert.bert_model.encoder.layer.8.attention.output.LayerNorm.weight
2020-01-01 21:24:39,165 - INFO - allennlp.nn.initializers -    text_field_embedder.token_embedder_bert.bert_model.encoder.layer.8.attention.output.dense.bias
2020-01-01 21:24:39,165 - INFO - allennlp.nn.initializers -    text_field_embedder.token_embedder_bert.bert_model.encoder.layer.8.attention.output.dense.weight
2020-01-01 21:24:39,165 - INFO - allennlp.nn.initializers -    text_field_embedder.token_embedder_bert.bert_model.encoder.layer.8.attention.self.key.bias
2020-01-01 21:24:39,165 - INFO - allennlp.nn.initializers -    text_field_embedder.token_embedder_bert.bert_model.encoder.layer.8.attention.self.key.weight
2020-01-01 21:24:39,165 - INFO - allennlp.nn.initializers -    text_field_embedder.token_embedder_bert.bert_model.encoder.layer.8.attention.self.query.bias
2020-01-01 21:24:39,165 - INFO - allennlp.nn.initializers -    text_field_embedder.token_embedder_bert.bert_model.encoder.layer.8.attention.self.query.weight
2020-01-01 21:24:39,165 - INFO - allennlp.nn.initializers -    text_field_embedder.token_embedder_bert.bert_model.encoder.layer.8.attention.self.value.bias
2020-01-01 21:24:39,166 - INFO - allennlp.nn.initializers -    text_field_embedder.token_embedder_bert.bert_model.encoder.layer.8.attention.self.value.weight
2020-01-01 21:24:39,166 - INFO - allennlp.nn.initializers -    text_field_embedder.token_embedder_bert.bert_model.encoder.layer.8.intermediate.dense.bias
2020-01-01 21:24:39,166 - INFO - allennlp.nn.initializers -    text_field_embedder.token_embedder_bert.bert_model.encoder.layer.8.intermediate.dense.weight
2020-01-01 21:24:39,166 - INFO - allennlp.nn.initializers -    text_field_embedder.token_embedder_bert.bert_model.encoder.layer.8.output.LayerNorm.bias
2020-01-01 21:24:39,166 - INFO - allennlp.nn.initializers -    text_field_embedder.token_embedder_bert.bert_model.encoder.layer.8.output.LayerNorm.weight
2020-01-01 21:24:39,166 - INFO - allennlp.nn.initializers -    text_field_embedder.token_embedder_bert.bert_model.encoder.layer.8.output.dense.bias
2020-01-01 21:24:39,166 - INFO - allennlp.nn.initializers -    text_field_embedder.token_embedder_bert.bert_model.encoder.layer.8.output.dense.weight
2020-01-01 21:24:39,166 - INFO - allennlp.nn.initializers -    text_field_embedder.token_embedder_bert.bert_model.encoder.layer.9.attention.output.LayerNorm.bias
2020-01-01 21:24:39,166 - INFO - allennlp.nn.initializers -    text_field_embedder.token_embedder_bert.bert_model.encoder.layer.9.attention.output.LayerNorm.weight
2020-01-01 21:24:39,166 - INFO - allennlp.nn.initializers -    text_field_embedder.token_embedder_bert.bert_model.encoder.layer.9.attention.output.dense.bias
2020-01-01 21:24:39,166 - INFO - allennlp.nn.initializers -    text_field_embedder.token_embedder_bert.bert_model.encoder.layer.9.attention.output.dense.weight
2020-01-01 21:24:39,166 - INFO - allennlp.nn.initializers -    text_field_embedder.token_embedder_bert.bert_model.encoder.layer.9.attention.self.key.bias
2020-01-01 21:24:39,167 - INFO - allennlp.nn.initializers -    text_field_embedder.token_embedder_bert.bert_model.encoder.layer.9.attention.self.key.weight
2020-01-01 21:24:39,167 - INFO - allennlp.nn.initializers -    text_field_embedder.token_embedder_bert.bert_model.encoder.layer.9.attention.self.query.bias
2020-01-01 21:24:39,167 - INFO - allennlp.nn.initializers -    text_field_embedder.token_embedder_bert.bert_model.encoder.layer.9.attention.self.query.weight
2020-01-01 21:24:39,167 - INFO - allennlp.nn.initializers -    text_field_embedder.token_embedder_bert.bert_model.encoder.layer.9.attention.self.value.bias
2020-01-01 21:24:39,167 - INFO - allennlp.nn.initializers -    text_field_embedder.token_embedder_bert.bert_model.encoder.layer.9.attention.self.value.weight
2020-01-01 21:24:39,167 - INFO - allennlp.nn.initializers -    text_field_embedder.token_embedder_bert.bert_model.encoder.layer.9.intermediate.dense.bias
2020-01-01 21:24:39,167 - INFO - allennlp.nn.initializers -    text_field_embedder.token_embedder_bert.bert_model.encoder.layer.9.intermediate.dense.weight
2020-01-01 21:24:39,167 - INFO - allennlp.nn.initializers -    text_field_embedder.token_embedder_bert.bert_model.encoder.layer.9.output.LayerNorm.bias
2020-01-01 21:24:39,167 - INFO - allennlp.nn.initializers -    text_field_embedder.token_embedder_bert.bert_model.encoder.layer.9.output.LayerNorm.weight
2020-01-01 21:24:39,167 - INFO - allennlp.nn.initializers -    text_field_embedder.token_embedder_bert.bert_model.encoder.layer.9.output.dense.bias
2020-01-01 21:24:39,167 - INFO - allennlp.nn.initializers -    text_field_embedder.token_embedder_bert.bert_model.encoder.layer.9.output.dense.weight
2020-01-01 21:24:39,167 - INFO - allennlp.nn.initializers -    text_field_embedder.token_embedder_bert.bert_model.pooler.dense.bias
2020-01-01 21:24:39,167 - INFO - allennlp.nn.initializers -    text_field_embedder.token_embedder_bert.bert_model.pooler.dense.weight
2020-01-01 21:24:39,167 - INFO - allennlp.nn.initializers -    text_field_embedder.token_embedder_token_characters._embedding._module.weight
2020-01-01 21:24:39,167 - INFO - allennlp.nn.initializers -    text_field_embedder.token_embedder_token_characters._encoder._module.conv_layer_0.bias
2020-01-01 21:24:39,167 - INFO - allennlp.nn.initializers -    text_field_embedder.token_embedder_token_characters._encoder._module.conv_layer_0.weight
2020-01-01 21:24:39,170 - INFO - allennlp.common.from_params - instantiating class <class 'allennlp.data.iterators.data_iterator.DataIterator'> from params {'batch_size': 64, 'type': 'basic'} and extras set()
2020-01-01 21:24:39,170 - INFO - allennlp.common.params - iterator.type = basic
2020-01-01 21:24:39,170 - INFO - allennlp.common.from_params - instantiating class <class 'allennlp.data.iterators.basic_iterator.BasicIterator'> from params {'batch_size': 64} and extras set()
2020-01-01 21:24:39,171 - INFO - allennlp.common.params - iterator.batch_size = 64
2020-01-01 21:24:39,171 - INFO - allennlp.common.params - iterator.instances_per_epoch = None
2020-01-01 21:24:39,171 - INFO - allennlp.common.params - iterator.max_instances_in_memory = None
2020-01-01 21:24:39,171 - INFO - allennlp.common.params - iterator.cache_instances = False
2020-01-01 21:24:39,171 - INFO - allennlp.common.params - iterator.track_epoch = False
2020-01-01 21:24:39,171 - INFO - allennlp.common.params - iterator.maximum_samples_per_batch = None
2020-01-01 21:24:39,171 - INFO - allennlp.common.params - validation_iterator = None
2020-01-01 21:24:39,171 - INFO - allennlp.common.params - trainer.no_grad = ()
2020-01-01 21:24:39,173 - INFO - allennlp.training.trainer - Following parameters are Frozen  (without gradient):
2020-01-01 21:24:39,173 - INFO - allennlp.training.trainer - text_field_embedder.token_embedder_bert.bert_model.embeddings.word_embeddings.weight
2020-01-01 21:24:39,173 - INFO - allennlp.training.trainer - text_field_embedder.token_embedder_bert.bert_model.embeddings.position_embeddings.weight
2020-01-01 21:24:39,173 - INFO - allennlp.training.trainer - text_field_embedder.token_embedder_bert.bert_model.embeddings.token_type_embeddings.weight
2020-01-01 21:24:39,173 - INFO - allennlp.training.trainer - text_field_embedder.token_embedder_bert.bert_model.embeddings.LayerNorm.weight
2020-01-01 21:24:39,173 - INFO - allennlp.training.trainer - text_field_embedder.token_embedder_bert.bert_model.embeddings.LayerNorm.bias
2020-01-01 21:24:39,173 - INFO - allennlp.training.trainer - text_field_embedder.token_embedder_bert.bert_model.encoder.layer.0.attention.self.query.weight
2020-01-01 21:24:39,174 - INFO - allennlp.training.trainer - text_field_embedder.token_embedder_bert.bert_model.encoder.layer.0.attention.self.query.bias
2020-01-01 21:24:39,174 - INFO - allennlp.training.trainer - text_field_embedder.token_embedder_bert.bert_model.encoder.layer.0.attention.self.key.weight
2020-01-01 21:24:39,174 - INFO - allennlp.training.trainer - text_field_embedder.token_embedder_bert.bert_model.encoder.layer.0.attention.self.key.bias
2020-01-01 21:24:39,174 - INFO - allennlp.training.trainer - text_field_embedder.token_embedder_bert.bert_model.encoder.layer.0.attention.self.value.weight
2020-01-01 21:24:39,174 - INFO - allennlp.training.trainer - text_field_embedder.token_embedder_bert.bert_model.encoder.layer.0.attention.self.value.bias
2020-01-01 21:24:39,174 - INFO - allennlp.training.trainer - text_field_embedder.token_embedder_bert.bert_model.encoder.layer.0.attention.output.dense.weight
2020-01-01 21:24:39,174 - INFO - allennlp.training.trainer - text_field_embedder.token_embedder_bert.bert_model.encoder.layer.0.attention.output.dense.bias
2020-01-01 21:24:39,174 - INFO - allennlp.training.trainer - text_field_embedder.token_embedder_bert.bert_model.encoder.layer.0.attention.output.LayerNorm.weight
2020-01-01 21:24:39,174 - INFO - allennlp.training.trainer - text_field_embedder.token_embedder_bert.bert_model.encoder.layer.0.attention.output.LayerNorm.bias
2020-01-01 21:24:39,174 - INFO - allennlp.training.trainer - text_field_embedder.token_embedder_bert.bert_model.encoder.layer.0.intermediate.dense.weight
2020-01-01 21:24:39,174 - INFO - allennlp.training.trainer - text_field_embedder.token_embedder_bert.bert_model.encoder.layer.0.intermediate.dense.bias
2020-01-01 21:24:39,174 - INFO - allennlp.training.trainer - text_field_embedder.token_embedder_bert.bert_model.encoder.layer.0.output.dense.weight
2020-01-01 21:24:39,174 - INFO - allennlp.training.trainer - text_field_embedder.token_embedder_bert.bert_model.encoder.layer.0.output.dense.bias
2020-01-01 21:24:39,175 - INFO - allennlp.training.trainer - text_field_embedder.token_embedder_bert.bert_model.encoder.layer.0.output.LayerNorm.weight
2020-01-01 21:24:39,175 - INFO - allennlp.training.trainer - text_field_embedder.token_embedder_bert.bert_model.encoder.layer.0.output.LayerNorm.bias
2020-01-01 21:24:39,175 - INFO - allennlp.training.trainer - text_field_embedder.token_embedder_bert.bert_model.encoder.layer.1.attention.self.query.weight
2020-01-01 21:24:39,175 - INFO - allennlp.training.trainer - text_field_embedder.token_embedder_bert.bert_model.encoder.layer.1.attention.self.query.bias
2020-01-01 21:24:39,175 - INFO - allennlp.training.trainer - text_field_embedder.token_embedder_bert.bert_model.encoder.layer.1.attention.self.key.weight
2020-01-01 21:24:39,175 - INFO - allennlp.training.trainer - text_field_embedder.token_embedder_bert.bert_model.encoder.layer.1.attention.self.key.bias
2020-01-01 21:24:39,175 - INFO - allennlp.training.trainer - text_field_embedder.token_embedder_bert.bert_model.encoder.layer.1.attention.self.value.weight
2020-01-01 21:24:39,175 - INFO - allennlp.training.trainer - text_field_embedder.token_embedder_bert.bert_model.encoder.layer.1.attention.self.value.bias
2020-01-01 21:24:39,175 - INFO - allennlp.training.trainer - text_field_embedder.token_embedder_bert.bert_model.encoder.layer.1.attention.output.dense.weight
2020-01-01 21:24:39,175 - INFO - allennlp.training.trainer - text_field_embedder.token_embedder_bert.bert_model.encoder.layer.1.attention.output.dense.bias
2020-01-01 21:24:39,175 - INFO - allennlp.training.trainer - text_field_embedder.token_embedder_bert.bert_model.encoder.layer.1.attention.output.LayerNorm.weight
2020-01-01 21:24:39,175 - INFO - allennlp.training.trainer - text_field_embedder.token_embedder_bert.bert_model.encoder.layer.1.attention.output.LayerNorm.bias
2020-01-01 21:24:39,175 - INFO - allennlp.training.trainer - text_field_embedder.token_embedder_bert.bert_model.encoder.layer.1.intermediate.dense.weight
2020-01-01 21:24:39,175 - INFO - allennlp.training.trainer - text_field_embedder.token_embedder_bert.bert_model.encoder.layer.1.intermediate.dense.bias
2020-01-01 21:24:39,175 - INFO - allennlp.training.trainer - text_field_embedder.token_embedder_bert.bert_model.encoder.layer.1.output.dense.weight
2020-01-01 21:24:39,176 - INFO - allennlp.training.trainer - text_field_embedder.token_embedder_bert.bert_model.encoder.layer.1.output.dense.bias
2020-01-01 21:24:39,176 - INFO - allennlp.training.trainer - text_field_embedder.token_embedder_bert.bert_model.encoder.layer.1.output.LayerNorm.weight
2020-01-01 21:24:39,176 - INFO - allennlp.training.trainer - text_field_embedder.token_embedder_bert.bert_model.encoder.layer.1.output.LayerNorm.bias
2020-01-01 21:24:39,176 - INFO - allennlp.training.trainer - text_field_embedder.token_embedder_bert.bert_model.encoder.layer.2.attention.self.query.weight
2020-01-01 21:24:39,176 - INFO - allennlp.training.trainer - text_field_embedder.token_embedder_bert.bert_model.encoder.layer.2.attention.self.query.bias
2020-01-01 21:24:39,176 - INFO - allennlp.training.trainer - text_field_embedder.token_embedder_bert.bert_model.encoder.layer.2.attention.self.key.weight
2020-01-01 21:24:39,176 - INFO - allennlp.training.trainer - text_field_embedder.token_embedder_bert.bert_model.encoder.layer.2.attention.self.key.bias
2020-01-01 21:24:39,176 - INFO - allennlp.training.trainer - text_field_embedder.token_embedder_bert.bert_model.encoder.layer.2.attention.self.value.weight
2020-01-01 21:24:39,176 - INFO - allennlp.training.trainer - text_field_embedder.token_embedder_bert.bert_model.encoder.layer.2.attention.self.value.bias
2020-01-01 21:24:39,176 - INFO - allennlp.training.trainer - text_field_embedder.token_embedder_bert.bert_model.encoder.layer.2.attention.output.dense.weight
2020-01-01 21:24:39,176 - INFO - allennlp.training.trainer - text_field_embedder.token_embedder_bert.bert_model.encoder.layer.2.attention.output.dense.bias
2020-01-01 21:24:39,176 - INFO - allennlp.training.trainer - text_field_embedder.token_embedder_bert.bert_model.encoder.layer.2.attention.output.LayerNorm.weight
2020-01-01 21:24:39,176 - INFO - allennlp.training.trainer - text_field_embedder.token_embedder_bert.bert_model.encoder.layer.2.attention.output.LayerNorm.bias
2020-01-01 21:24:39,176 - INFO - allennlp.training.trainer - text_field_embedder.token_embedder_bert.bert_model.encoder.layer.2.intermediate.dense.weight
2020-01-01 21:24:39,176 - INFO - allennlp.training.trainer - text_field_embedder.token_embedder_bert.bert_model.encoder.layer.2.intermediate.dense.bias
2020-01-01 21:24:39,176 - INFO - allennlp.training.trainer - text_field_embedder.token_embedder_bert.bert_model.encoder.layer.2.output.dense.weight
2020-01-01 21:24:39,177 - INFO - allennlp.training.trainer - text_field_embedder.token_embedder_bert.bert_model.encoder.layer.2.output.dense.bias
2020-01-01 21:24:39,177 - INFO - allennlp.training.trainer - text_field_embedder.token_embedder_bert.bert_model.encoder.layer.2.output.LayerNorm.weight
2020-01-01 21:24:39,177 - INFO - allennlp.training.trainer - text_field_embedder.token_embedder_bert.bert_model.encoder.layer.2.output.LayerNorm.bias
2020-01-01 21:24:39,177 - INFO - allennlp.training.trainer - text_field_embedder.token_embedder_bert.bert_model.encoder.layer.3.attention.self.query.weight
2020-01-01 21:24:39,177 - INFO - allennlp.training.trainer - text_field_embedder.token_embedder_bert.bert_model.encoder.layer.3.attention.self.query.bias
2020-01-01 21:24:39,177 - INFO - allennlp.training.trainer - text_field_embedder.token_embedder_bert.bert_model.encoder.layer.3.attention.self.key.weight
2020-01-01 21:24:39,177 - INFO - allennlp.training.trainer - text_field_embedder.token_embedder_bert.bert_model.encoder.layer.3.attention.self.key.bias
2020-01-01 21:24:39,177 - INFO - allennlp.training.trainer - text_field_embedder.token_embedder_bert.bert_model.encoder.layer.3.attention.self.value.weight
2020-01-01 21:24:39,177 - INFO - allennlp.training.trainer - text_field_embedder.token_embedder_bert.bert_model.encoder.layer.3.attention.self.value.bias
2020-01-01 21:24:39,177 - INFO - allennlp.training.trainer - text_field_embedder.token_embedder_bert.bert_model.encoder.layer.3.attention.output.dense.weight
2020-01-01 21:24:39,177 - INFO - allennlp.training.trainer - text_field_embedder.token_embedder_bert.bert_model.encoder.layer.3.attention.output.dense.bias
2020-01-01 21:24:39,177 - INFO - allennlp.training.trainer - text_field_embedder.token_embedder_bert.bert_model.encoder.layer.3.attention.output.LayerNorm.weight
2020-01-01 21:24:39,177 - INFO - allennlp.training.trainer - text_field_embedder.token_embedder_bert.bert_model.encoder.layer.3.attention.output.LayerNorm.bias
2020-01-01 21:24:39,177 - INFO - allennlp.training.trainer - text_field_embedder.token_embedder_bert.bert_model.encoder.layer.3.intermediate.dense.weight
2020-01-01 21:24:39,177 - INFO - allennlp.training.trainer - text_field_embedder.token_embedder_bert.bert_model.encoder.layer.3.intermediate.dense.bias
2020-01-01 21:24:39,177 - INFO - allennlp.training.trainer - text_field_embedder.token_embedder_bert.bert_model.encoder.layer.3.output.dense.weight
2020-01-01 21:24:39,177 - INFO - allennlp.training.trainer - text_field_embedder.token_embedder_bert.bert_model.encoder.layer.3.output.dense.bias
2020-01-01 21:24:39,178 - INFO - allennlp.training.trainer - text_field_embedder.token_embedder_bert.bert_model.encoder.layer.3.output.LayerNorm.weight
2020-01-01 21:24:39,178 - INFO - allennlp.training.trainer - text_field_embedder.token_embedder_bert.bert_model.encoder.layer.3.output.LayerNorm.bias
2020-01-01 21:24:39,178 - INFO - allennlp.training.trainer - text_field_embedder.token_embedder_bert.bert_model.encoder.layer.4.attention.self.query.weight
2020-01-01 21:24:39,178 - INFO - allennlp.training.trainer - text_field_embedder.token_embedder_bert.bert_model.encoder.layer.4.attention.self.query.bias
2020-01-01 21:24:39,178 - INFO - allennlp.training.trainer - text_field_embedder.token_embedder_bert.bert_model.encoder.layer.4.attention.self.key.weight
2020-01-01 21:24:39,178 - INFO - allennlp.training.trainer - text_field_embedder.token_embedder_bert.bert_model.encoder.layer.4.attention.self.key.bias
2020-01-01 21:24:39,178 - INFO - allennlp.training.trainer - text_field_embedder.token_embedder_bert.bert_model.encoder.layer.4.attention.self.value.weight
2020-01-01 21:24:39,178 - INFO - allennlp.training.trainer - text_field_embedder.token_embedder_bert.bert_model.encoder.layer.4.attention.self.value.bias
2020-01-01 21:24:39,178 - INFO - allennlp.training.trainer - text_field_embedder.token_embedder_bert.bert_model.encoder.layer.4.attention.output.dense.weight
2020-01-01 21:24:39,178 - INFO - allennlp.training.trainer - text_field_embedder.token_embedder_bert.bert_model.encoder.layer.4.attention.output.dense.bias
2020-01-01 21:24:39,178 - INFO - allennlp.training.trainer - text_field_embedder.token_embedder_bert.bert_model.encoder.layer.4.attention.output.LayerNorm.weight
2020-01-01 21:24:39,178 - INFO - allennlp.training.trainer - text_field_embedder.token_embedder_bert.bert_model.encoder.layer.4.attention.output.LayerNorm.bias
2020-01-01 21:24:39,178 - INFO - allennlp.training.trainer - text_field_embedder.token_embedder_bert.bert_model.encoder.layer.4.intermediate.dense.weight
2020-01-01 21:24:39,178 - INFO - allennlp.training.trainer - text_field_embedder.token_embedder_bert.bert_model.encoder.layer.4.intermediate.dense.bias
2020-01-01 21:24:39,178 - INFO - allennlp.training.trainer - text_field_embedder.token_embedder_bert.bert_model.encoder.layer.4.output.dense.weight
2020-01-01 21:24:39,178 - INFO - allennlp.training.trainer - text_field_embedder.token_embedder_bert.bert_model.encoder.layer.4.output.dense.bias
2020-01-01 21:24:39,178 - INFO - allennlp.training.trainer - text_field_embedder.token_embedder_bert.bert_model.encoder.layer.4.output.LayerNorm.weight
2020-01-01 21:24:39,179 - INFO - allennlp.training.trainer - text_field_embedder.token_embedder_bert.bert_model.encoder.layer.4.output.LayerNorm.bias
2020-01-01 21:24:39,179 - INFO - allennlp.training.trainer - text_field_embedder.token_embedder_bert.bert_model.encoder.layer.5.attention.self.query.weight
2020-01-01 21:24:39,179 - INFO - allennlp.training.trainer - text_field_embedder.token_embedder_bert.bert_model.encoder.layer.5.attention.self.query.bias
2020-01-01 21:24:39,179 - INFO - allennlp.training.trainer - text_field_embedder.token_embedder_bert.bert_model.encoder.layer.5.attention.self.key.weight
2020-01-01 21:24:39,179 - INFO - allennlp.training.trainer - text_field_embedder.token_embedder_bert.bert_model.encoder.layer.5.attention.self.key.bias
2020-01-01 21:24:39,179 - INFO - allennlp.training.trainer - text_field_embedder.token_embedder_bert.bert_model.encoder.layer.5.attention.self.value.weight
2020-01-01 21:24:39,179 - INFO - allennlp.training.trainer - text_field_embedder.token_embedder_bert.bert_model.encoder.layer.5.attention.self.value.bias
2020-01-01 21:24:39,179 - INFO - allennlp.training.trainer - text_field_embedder.token_embedder_bert.bert_model.encoder.layer.5.attention.output.dense.weight
2020-01-01 21:24:39,179 - INFO - allennlp.training.trainer - text_field_embedder.token_embedder_bert.bert_model.encoder.layer.5.attention.output.dense.bias
2020-01-01 21:24:39,179 - INFO - allennlp.training.trainer - text_field_embedder.token_embedder_bert.bert_model.encoder.layer.5.attention.output.LayerNorm.weight
2020-01-01 21:24:39,179 - INFO - allennlp.training.trainer - text_field_embedder.token_embedder_bert.bert_model.encoder.layer.5.attention.output.LayerNorm.bias
2020-01-01 21:24:39,179 - INFO - allennlp.training.trainer - text_field_embedder.token_embedder_bert.bert_model.encoder.layer.5.intermediate.dense.weight
2020-01-01 21:24:39,179 - INFO - allennlp.training.trainer - text_field_embedder.token_embedder_bert.bert_model.encoder.layer.5.intermediate.dense.bias
2020-01-01 21:24:39,179 - INFO - allennlp.training.trainer - text_field_embedder.token_embedder_bert.bert_model.encoder.layer.5.output.dense.weight
2020-01-01 21:24:39,179 - INFO - allennlp.training.trainer - text_field_embedder.token_embedder_bert.bert_model.encoder.layer.5.output.dense.bias
2020-01-01 21:24:39,179 - INFO - allennlp.training.trainer - text_field_embedder.token_embedder_bert.bert_model.encoder.layer.5.output.LayerNorm.weight
2020-01-01 21:24:39,179 - INFO - allennlp.training.trainer - text_field_embedder.token_embedder_bert.bert_model.encoder.layer.5.output.LayerNorm.bias
2020-01-01 21:24:39,180 - INFO - allennlp.training.trainer - text_field_embedder.token_embedder_bert.bert_model.encoder.layer.6.attention.self.query.weight
2020-01-01 21:24:39,180 - INFO - allennlp.training.trainer - text_field_embedder.token_embedder_bert.bert_model.encoder.layer.6.attention.self.query.bias
2020-01-01 21:24:39,180 - INFO - allennlp.training.trainer - text_field_embedder.token_embedder_bert.bert_model.encoder.layer.6.attention.self.key.weight
2020-01-01 21:24:39,180 - INFO - allennlp.training.trainer - text_field_embedder.token_embedder_bert.bert_model.encoder.layer.6.attention.self.key.bias
2020-01-01 21:24:39,180 - INFO - allennlp.training.trainer - text_field_embedder.token_embedder_bert.bert_model.encoder.layer.6.attention.self.value.weight
2020-01-01 21:24:39,180 - INFO - allennlp.training.trainer - text_field_embedder.token_embedder_bert.bert_model.encoder.layer.6.attention.self.value.bias
2020-01-01 21:24:39,180 - INFO - allennlp.training.trainer - text_field_embedder.token_embedder_bert.bert_model.encoder.layer.6.attention.output.dense.weight
2020-01-01 21:24:39,180 - INFO - allennlp.training.trainer - text_field_embedder.token_embedder_bert.bert_model.encoder.layer.6.attention.output.dense.bias
2020-01-01 21:24:39,180 - INFO - allennlp.training.trainer - text_field_embedder.token_embedder_bert.bert_model.encoder.layer.6.attention.output.LayerNorm.weight
2020-01-01 21:24:39,180 - INFO - allennlp.training.trainer - text_field_embedder.token_embedder_bert.bert_model.encoder.layer.6.attention.output.LayerNorm.bias
2020-01-01 21:24:39,180 - INFO - allennlp.training.trainer - text_field_embedder.token_embedder_bert.bert_model.encoder.layer.6.intermediate.dense.weight
2020-01-01 21:24:39,180 - INFO - allennlp.training.trainer - text_field_embedder.token_embedder_bert.bert_model.encoder.layer.6.intermediate.dense.bias
2020-01-01 21:24:39,180 - INFO - allennlp.training.trainer - text_field_embedder.token_embedder_bert.bert_model.encoder.layer.6.output.dense.weight
2020-01-01 21:24:39,180 - INFO - allennlp.training.trainer - text_field_embedder.token_embedder_bert.bert_model.encoder.layer.6.output.dense.bias
2020-01-01 21:24:39,180 - INFO - allennlp.training.trainer - text_field_embedder.token_embedder_bert.bert_model.encoder.layer.6.output.LayerNorm.weight
2020-01-01 21:24:39,181 - INFO - allennlp.training.trainer - text_field_embedder.token_embedder_bert.bert_model.encoder.layer.6.output.LayerNorm.bias
2020-01-01 21:24:39,181 - INFO - allennlp.training.trainer - text_field_embedder.token_embedder_bert.bert_model.encoder.layer.7.attention.self.query.weight
2020-01-01 21:24:39,181 - INFO - allennlp.training.trainer - text_field_embedder.token_embedder_bert.bert_model.encoder.layer.7.attention.self.query.bias
2020-01-01 21:24:39,181 - INFO - allennlp.training.trainer - text_field_embedder.token_embedder_bert.bert_model.encoder.layer.7.attention.self.key.weight
2020-01-01 21:24:39,181 - INFO - allennlp.training.trainer - text_field_embedder.token_embedder_bert.bert_model.encoder.layer.7.attention.self.key.bias
2020-01-01 21:24:39,181 - INFO - allennlp.training.trainer - text_field_embedder.token_embedder_bert.bert_model.encoder.layer.7.attention.self.value.weight
2020-01-01 21:24:39,181 - INFO - allennlp.training.trainer - text_field_embedder.token_embedder_bert.bert_model.encoder.layer.7.attention.self.value.bias
2020-01-01 21:24:39,181 - INFO - allennlp.training.trainer - text_field_embedder.token_embedder_bert.bert_model.encoder.layer.7.attention.output.dense.weight
2020-01-01 21:24:39,181 - INFO - allennlp.training.trainer - text_field_embedder.token_embedder_bert.bert_model.encoder.layer.7.attention.output.dense.bias
2020-01-01 21:24:39,181 - INFO - allennlp.training.trainer - text_field_embedder.token_embedder_bert.bert_model.encoder.layer.7.attention.output.LayerNorm.weight
2020-01-01 21:24:39,181 - INFO - allennlp.training.trainer - text_field_embedder.token_embedder_bert.bert_model.encoder.layer.7.attention.output.LayerNorm.bias
2020-01-01 21:24:39,181 - INFO - allennlp.training.trainer - text_field_embedder.token_embedder_bert.bert_model.encoder.layer.7.intermediate.dense.weight
2020-01-01 21:24:39,181 - INFO - allennlp.training.trainer - text_field_embedder.token_embedder_bert.bert_model.encoder.layer.7.intermediate.dense.bias
2020-01-01 21:24:39,181 - INFO - allennlp.training.trainer - text_field_embedder.token_embedder_bert.bert_model.encoder.layer.7.output.dense.weight
2020-01-01 21:24:39,181 - INFO - allennlp.training.trainer - text_field_embedder.token_embedder_bert.bert_model.encoder.layer.7.output.dense.bias
2020-01-01 21:24:39,181 - INFO - allennlp.training.trainer - text_field_embedder.token_embedder_bert.bert_model.encoder.layer.7.output.LayerNorm.weight
2020-01-01 21:24:39,182 - INFO - allennlp.training.trainer - text_field_embedder.token_embedder_bert.bert_model.encoder.layer.7.output.LayerNorm.bias
2020-01-01 21:24:39,182 - INFO - allennlp.training.trainer - text_field_embedder.token_embedder_bert.bert_model.encoder.layer.8.attention.self.query.weight
2020-01-01 21:24:39,182 - INFO - allennlp.training.trainer - text_field_embedder.token_embedder_bert.bert_model.encoder.layer.8.attention.self.query.bias
2020-01-01 21:24:39,182 - INFO - allennlp.training.trainer - text_field_embedder.token_embedder_bert.bert_model.encoder.layer.8.attention.self.key.weight
2020-01-01 21:24:39,182 - INFO - allennlp.training.trainer - text_field_embedder.token_embedder_bert.bert_model.encoder.layer.8.attention.self.key.bias
2020-01-01 21:24:39,182 - INFO - allennlp.training.trainer - text_field_embedder.token_embedder_bert.bert_model.encoder.layer.8.attention.self.value.weight
2020-01-01 21:24:39,182 - INFO - allennlp.training.trainer - text_field_embedder.token_embedder_bert.bert_model.encoder.layer.8.attention.self.value.bias
2020-01-01 21:24:39,182 - INFO - allennlp.training.trainer - text_field_embedder.token_embedder_bert.bert_model.encoder.layer.8.attention.output.dense.weight
2020-01-01 21:24:39,182 - INFO - allennlp.training.trainer - text_field_embedder.token_embedder_bert.bert_model.encoder.layer.8.attention.output.dense.bias
2020-01-01 21:24:39,182 - INFO - allennlp.training.trainer - text_field_embedder.token_embedder_bert.bert_model.encoder.layer.8.attention.output.LayerNorm.weight
2020-01-01 21:24:39,182 - INFO - allennlp.training.trainer - text_field_embedder.token_embedder_bert.bert_model.encoder.layer.8.attention.output.LayerNorm.bias
2020-01-01 21:24:39,182 - INFO - allennlp.training.trainer - text_field_embedder.token_embedder_bert.bert_model.encoder.layer.8.intermediate.dense.weight
2020-01-01 21:24:39,182 - INFO - allennlp.training.trainer - text_field_embedder.token_embedder_bert.bert_model.encoder.layer.8.intermediate.dense.bias
2020-01-01 21:24:39,182 - INFO - allennlp.training.trainer - text_field_embedder.token_embedder_bert.bert_model.encoder.layer.8.output.dense.weight
2020-01-01 21:24:39,182 - INFO - allennlp.training.trainer - text_field_embedder.token_embedder_bert.bert_model.encoder.layer.8.output.dense.bias
2020-01-01 21:24:39,182 - INFO - allennlp.training.trainer - text_field_embedder.token_embedder_bert.bert_model.encoder.layer.8.output.LayerNorm.weight
2020-01-01 21:24:39,183 - INFO - allennlp.training.trainer - text_field_embedder.token_embedder_bert.bert_model.encoder.layer.8.output.LayerNorm.bias
2020-01-01 21:24:39,183 - INFO - allennlp.training.trainer - text_field_embedder.token_embedder_bert.bert_model.encoder.layer.9.attention.self.query.weight
2020-01-01 21:24:39,183 - INFO - allennlp.training.trainer - text_field_embedder.token_embedder_bert.bert_model.encoder.layer.9.attention.self.query.bias
2020-01-01 21:24:39,183 - INFO - allennlp.training.trainer - text_field_embedder.token_embedder_bert.bert_model.encoder.layer.9.attention.self.key.weight
2020-01-01 21:24:39,183 - INFO - allennlp.training.trainer - text_field_embedder.token_embedder_bert.bert_model.encoder.layer.9.attention.self.key.bias
2020-01-01 21:24:39,183 - INFO - allennlp.training.trainer - text_field_embedder.token_embedder_bert.bert_model.encoder.layer.9.attention.self.value.weight
2020-01-01 21:24:39,183 - INFO - allennlp.training.trainer - text_field_embedder.token_embedder_bert.bert_model.encoder.layer.9.attention.self.value.bias
2020-01-01 21:24:39,183 - INFO - allennlp.training.trainer - text_field_embedder.token_embedder_bert.bert_model.encoder.layer.9.attention.output.dense.weight
2020-01-01 21:24:39,183 - INFO - allennlp.training.trainer - text_field_embedder.token_embedder_bert.bert_model.encoder.layer.9.attention.output.dense.bias
2020-01-01 21:24:39,183 - INFO - allennlp.training.trainer - text_field_embedder.token_embedder_bert.bert_model.encoder.layer.9.attention.output.LayerNorm.weight
2020-01-01 21:24:39,183 - INFO - allennlp.training.trainer - text_field_embedder.token_embedder_bert.bert_model.encoder.layer.9.attention.output.LayerNorm.bias
2020-01-01 21:24:39,183 - INFO - allennlp.training.trainer - text_field_embedder.token_embedder_bert.bert_model.encoder.layer.9.intermediate.dense.weight
2020-01-01 21:24:39,183 - INFO - allennlp.training.trainer - text_field_embedder.token_embedder_bert.bert_model.encoder.layer.9.intermediate.dense.bias
2020-01-01 21:24:39,183 - INFO - allennlp.training.trainer - text_field_embedder.token_embedder_bert.bert_model.encoder.layer.9.output.dense.weight
2020-01-01 21:24:39,184 - INFO - allennlp.training.trainer - text_field_embedder.token_embedder_bert.bert_model.encoder.layer.9.output.dense.bias
2020-01-01 21:24:39,184 - INFO - allennlp.training.trainer - text_field_embedder.token_embedder_bert.bert_model.encoder.layer.9.output.LayerNorm.weight
2020-01-01 21:24:39,184 - INFO - allennlp.training.trainer - text_field_embedder.token_embedder_bert.bert_model.encoder.layer.9.output.LayerNorm.bias
2020-01-01 21:24:39,184 - INFO - allennlp.training.trainer - text_field_embedder.token_embedder_bert.bert_model.encoder.layer.10.attention.self.query.weight
2020-01-01 21:24:39,184 - INFO - allennlp.training.trainer - text_field_embedder.token_embedder_bert.bert_model.encoder.layer.10.attention.self.query.bias
2020-01-01 21:24:39,184 - INFO - allennlp.training.trainer - text_field_embedder.token_embedder_bert.bert_model.encoder.layer.10.attention.self.key.weight
2020-01-01 21:24:39,184 - INFO - allennlp.training.trainer - text_field_embedder.token_embedder_bert.bert_model.encoder.layer.10.attention.self.key.bias
2020-01-01 21:24:39,184 - INFO - allennlp.training.trainer - text_field_embedder.token_embedder_bert.bert_model.encoder.layer.10.attention.self.value.weight
2020-01-01 21:24:39,184 - INFO - allennlp.training.trainer - text_field_embedder.token_embedder_bert.bert_model.encoder.layer.10.attention.self.value.bias
2020-01-01 21:24:39,184 - INFO - allennlp.training.trainer - text_field_embedder.token_embedder_bert.bert_model.encoder.layer.10.attention.output.dense.weight
2020-01-01 21:24:39,184 - INFO - allennlp.training.trainer - text_field_embedder.token_embedder_bert.bert_model.encoder.layer.10.attention.output.dense.bias
2020-01-01 21:24:39,184 - INFO - allennlp.training.trainer - text_field_embedder.token_embedder_bert.bert_model.encoder.layer.10.attention.output.LayerNorm.weight
2020-01-01 21:24:39,184 - INFO - allennlp.training.trainer - text_field_embedder.token_embedder_bert.bert_model.encoder.layer.10.attention.output.LayerNorm.bias
2020-01-01 21:24:39,184 - INFO - allennlp.training.trainer - text_field_embedder.token_embedder_bert.bert_model.encoder.layer.10.intermediate.dense.weight
2020-01-01 21:24:39,184 - INFO - allennlp.training.trainer - text_field_embedder.token_embedder_bert.bert_model.encoder.layer.10.intermediate.dense.bias
2020-01-01 21:24:39,184 - INFO - allennlp.training.trainer - text_field_embedder.token_embedder_bert.bert_model.encoder.layer.10.output.dense.weight
2020-01-01 21:24:39,184 - INFO - allennlp.training.trainer - text_field_embedder.token_embedder_bert.bert_model.encoder.layer.10.output.dense.bias
2020-01-01 21:24:39,184 - INFO - allennlp.training.trainer - text_field_embedder.token_embedder_bert.bert_model.encoder.layer.10.output.LayerNorm.weight
2020-01-01 21:24:39,185 - INFO - allennlp.training.trainer - text_field_embedder.token_embedder_bert.bert_model.encoder.layer.10.output.LayerNorm.bias
2020-01-01 21:24:39,185 - INFO - allennlp.training.trainer - text_field_embedder.token_embedder_bert.bert_model.encoder.layer.11.attention.self.query.weight
2020-01-01 21:24:39,185 - INFO - allennlp.training.trainer - text_field_embedder.token_embedder_bert.bert_model.encoder.layer.11.attention.self.query.bias
2020-01-01 21:24:39,185 - INFO - allennlp.training.trainer - text_field_embedder.token_embedder_bert.bert_model.encoder.layer.11.attention.self.key.weight
2020-01-01 21:24:39,185 - INFO - allennlp.training.trainer - text_field_embedder.token_embedder_bert.bert_model.encoder.layer.11.attention.self.key.bias
2020-01-01 21:24:39,185 - INFO - allennlp.training.trainer - text_field_embedder.token_embedder_bert.bert_model.encoder.layer.11.attention.self.value.weight
2020-01-01 21:24:39,185 - INFO - allennlp.training.trainer - text_field_embedder.token_embedder_bert.bert_model.encoder.layer.11.attention.self.value.bias
2020-01-01 21:24:39,185 - INFO - allennlp.training.trainer - text_field_embedder.token_embedder_bert.bert_model.encoder.layer.11.attention.output.dense.weight
2020-01-01 21:24:39,185 - INFO - allennlp.training.trainer - text_field_embedder.token_embedder_bert.bert_model.encoder.layer.11.attention.output.dense.bias
2020-01-01 21:24:39,185 - INFO - allennlp.training.trainer - text_field_embedder.token_embedder_bert.bert_model.encoder.layer.11.attention.output.LayerNorm.weight
2020-01-01 21:24:39,185 - INFO - allennlp.training.trainer - text_field_embedder.token_embedder_bert.bert_model.encoder.layer.11.attention.output.LayerNorm.bias
2020-01-01 21:24:39,185 - INFO - allennlp.training.trainer - text_field_embedder.token_embedder_bert.bert_model.encoder.layer.11.intermediate.dense.weight
2020-01-01 21:24:39,185 - INFO - allennlp.training.trainer - text_field_embedder.token_embedder_bert.bert_model.encoder.layer.11.intermediate.dense.bias
2020-01-01 21:24:39,185 - INFO - allennlp.training.trainer - text_field_embedder.token_embedder_bert.bert_model.encoder.layer.11.output.dense.weight
2020-01-01 21:24:39,185 - INFO - allennlp.training.trainer - text_field_embedder.token_embedder_bert.bert_model.encoder.layer.11.output.dense.bias
2020-01-01 21:24:39,185 - INFO - allennlp.training.trainer - text_field_embedder.token_embedder_bert.bert_model.encoder.layer.11.output.LayerNorm.weight
2020-01-01 21:24:39,185 - INFO - allennlp.training.trainer - text_field_embedder.token_embedder_bert.bert_model.encoder.layer.11.output.LayerNorm.bias
2020-01-01 21:24:39,185 - INFO - allennlp.training.trainer - text_field_embedder.token_embedder_bert.bert_model.pooler.dense.weight
2020-01-01 21:24:39,186 - INFO - allennlp.training.trainer - text_field_embedder.token_embedder_bert.bert_model.pooler.dense.bias
2020-01-01 21:24:39,186 - INFO - allennlp.training.trainer - crf._constraint_mask
2020-01-01 21:24:39,186 - INFO - allennlp.training.trainer - Following parameters are Tunable (with gradient):
2020-01-01 21:24:39,186 - INFO - allennlp.training.trainer - text_field_embedder.token_embedder_bert._scalar_mix.gamma
2020-01-01 21:24:39,186 - INFO - allennlp.training.trainer - text_field_embedder.token_embedder_bert._scalar_mix.scalar_parameters.0
2020-01-01 21:24:39,186 - INFO - allennlp.training.trainer - text_field_embedder.token_embedder_bert._scalar_mix.scalar_parameters.1
2020-01-01 21:24:39,186 - INFO - allennlp.training.trainer - text_field_embedder.token_embedder_bert._scalar_mix.scalar_parameters.2
2020-01-01 21:24:39,186 - INFO - allennlp.training.trainer - text_field_embedder.token_embedder_bert._scalar_mix.scalar_parameters.3
2020-01-01 21:24:39,186 - INFO - allennlp.training.trainer - text_field_embedder.token_embedder_bert._scalar_mix.scalar_parameters.4
2020-01-01 21:24:39,186 - INFO - allennlp.training.trainer - text_field_embedder.token_embedder_bert._scalar_mix.scalar_parameters.5
2020-01-01 21:24:39,186 - INFO - allennlp.training.trainer - text_field_embedder.token_embedder_bert._scalar_mix.scalar_parameters.6
2020-01-01 21:24:39,186 - INFO - allennlp.training.trainer - text_field_embedder.token_embedder_bert._scalar_mix.scalar_parameters.7
2020-01-01 21:24:39,186 - INFO - allennlp.training.trainer - text_field_embedder.token_embedder_bert._scalar_mix.scalar_parameters.8
2020-01-01 21:24:39,186 - INFO - allennlp.training.trainer - text_field_embedder.token_embedder_bert._scalar_mix.scalar_parameters.9
2020-01-01 21:24:39,187 - INFO - allennlp.training.trainer - text_field_embedder.token_embedder_bert._scalar_mix.scalar_parameters.10
2020-01-01 21:24:39,187 - INFO - allennlp.training.trainer - text_field_embedder.token_embedder_bert._scalar_mix.scalar_parameters.11
2020-01-01 21:24:39,187 - INFO - allennlp.training.trainer - text_field_embedder.token_embedder_token_characters._embedding._module.weight
2020-01-01 21:24:39,187 - INFO - allennlp.training.trainer - text_field_embedder.token_embedder_token_characters._encoder._module.conv_layer_0.weight
2020-01-01 21:24:39,187 - INFO - allennlp.training.trainer - text_field_embedder.token_embedder_token_characters._encoder._module.conv_layer_0.bias
2020-01-01 21:24:39,187 - INFO - allennlp.training.trainer - encoder._module.weight_ih_l0
2020-01-01 21:24:39,187 - INFO - allennlp.training.trainer - encoder._module.weight_hh_l0
2020-01-01 21:24:39,187 - INFO - allennlp.training.trainer - encoder._module.bias_ih_l0
2020-01-01 21:24:39,187 - INFO - allennlp.training.trainer - encoder._module.bias_hh_l0
2020-01-01 21:24:39,187 - INFO - allennlp.training.trainer - encoder._module.weight_ih_l0_reverse
2020-01-01 21:24:39,187 - INFO - allennlp.training.trainer - encoder._module.weight_hh_l0_reverse
2020-01-01 21:24:39,187 - INFO - allennlp.training.trainer - encoder._module.bias_ih_l0_reverse
2020-01-01 21:24:39,187 - INFO - allennlp.training.trainer - encoder._module.bias_hh_l0_reverse
2020-01-01 21:24:39,187 - INFO - allennlp.training.trainer - encoder._module.weight_ih_l1
2020-01-01 21:24:39,188 - INFO - allennlp.training.trainer - encoder._module.weight_hh_l1
2020-01-01 21:24:39,188 - INFO - allennlp.training.trainer - encoder._module.bias_ih_l1
2020-01-01 21:24:39,188 - INFO - allennlp.training.trainer - encoder._module.bias_hh_l1
2020-01-01 21:24:39,188 - INFO - allennlp.training.trainer - encoder._module.weight_ih_l1_reverse
2020-01-01 21:24:39,188 - INFO - allennlp.training.trainer - encoder._module.weight_hh_l1_reverse
2020-01-01 21:24:39,188 - INFO - allennlp.training.trainer - encoder._module.bias_ih_l1_reverse
2020-01-01 21:24:39,188 - INFO - allennlp.training.trainer - encoder._module.bias_hh_l1_reverse
2020-01-01 21:24:39,188 - INFO - allennlp.training.trainer - tag_projection_layer._module.weight
2020-01-01 21:24:39,188 - INFO - allennlp.training.trainer - tag_projection_layer._module.bias
2020-01-01 21:24:39,188 - INFO - allennlp.training.trainer - crf.transitions
2020-01-01 21:24:39,188 - INFO - allennlp.training.trainer - crf.start_transitions
2020-01-01 21:24:39,188 - INFO - allennlp.training.trainer - crf.end_transitions
2020-01-01 21:24:39,188 - INFO - allennlp.common.params - trainer.patience = 25
2020-01-01 21:24:39,188 - INFO - allennlp.common.params - trainer.validation_metric = +f1-measure-overall
2020-01-01 21:24:39,189 - INFO - allennlp.common.params - trainer.shuffle = True
2020-01-01 21:24:39,189 - INFO - allennlp.common.params - trainer.num_epochs = 75
2020-01-01 21:24:39,189 - INFO - allennlp.common.params - trainer.cuda_device = -1
2020-01-01 21:24:39,189 - INFO - allennlp.common.params - trainer.grad_norm = 5
2020-01-01 21:24:39,189 - INFO - allennlp.common.params - trainer.grad_clipping = None
2020-01-01 21:24:39,189 - INFO - allennlp.common.params - trainer.learning_rate_scheduler = None
2020-01-01 21:24:39,189 - INFO - allennlp.common.params - trainer.momentum_scheduler = None
2020-01-01 21:24:39,190 - INFO - allennlp.common.params - trainer.optimizer.type = adam
2020-01-01 21:24:39,190 - INFO - allennlp.common.params - trainer.optimizer.parameter_groups = None
2020-01-01 21:24:39,190 - INFO - allennlp.training.optimizers - Number of trainable parameters: 2729669
2020-01-01 21:24:39,190 - INFO - allennlp.common.params - trainer.optimizer.infer_type_and_cast = True
2020-01-01 21:24:39,190 - INFO - allennlp.common.params - Converting Params object to dict; logging of default values will not occur when dictionary parameters are used subsequently.
2020-01-01 21:24:39,190 - INFO - allennlp.common.params - CURRENTLY DEFINED PARAMETERS: 
2020-01-01 21:24:39,190 - INFO - allennlp.common.params - trainer.optimizer.lr = 0.001
2020-01-01 21:24:39,190 - INFO - allennlp.common.params - trainer.num_serialized_models_to_keep = 3
2020-01-01 21:24:39,190 - INFO - allennlp.common.params - trainer.keep_serialized_model_every_num_seconds = None
2020-01-01 21:24:39,191 - INFO - allennlp.common.params - trainer.model_save_interval = None
2020-01-01 21:24:39,191 - INFO - allennlp.common.params - trainer.summary_interval = 100
2020-01-01 21:24:39,191 - INFO - allennlp.common.params - trainer.histogram_interval = None
2020-01-01 21:24:39,191 - INFO - allennlp.common.params - trainer.should_log_parameter_statistics = True
2020-01-01 21:24:39,191 - INFO - allennlp.common.params - trainer.should_log_learning_rate = False
2020-01-01 21:24:39,191 - INFO - allennlp.common.params - trainer.log_batch_size_period = None
2020-01-01 21:24:39,192 - INFO - allennlp.training.trainer - Beginning training.
2020-01-01 21:24:39,193 - INFO - allennlp.training.trainer - Epoch 0/74
2020-01-01 21:24:39,193 - INFO - allennlp.training.trainer - Peak CPU memory usage MB: 1267.183616
2020-01-01 21:24:39,206 - INFO - allennlp.training.trainer - Training
